#
# There is insufficient memory for the Java Runtime Environment to continue.
# Native memory allocation (malloc) failed to allocate 1101936 bytes for Chunk::new
# Possible reasons:
#   The system is out of physical RAM or swap space
#   The process is running with CompressedOops enabled, and the Java Heap may be blocking the growth of the native heap
# Possible solutions:
#   Reduce memory load on the system
#   Increase physical memory or swap space
#   Check if swap backing store is full
#   Decrease Java heap size (-Xmx/-Xms)
#   Decrease number of Java threads
#   Decrease Java thread stack sizes (-Xss)
#   Set larger code cache with -XX:ReservedCodeCacheSize=
#   JVM is running with Unscaled Compressed Oops mode in which the Java heap is
#     placed in the first 4GB address space. The Java Heap base address is the
#     maximum limit for the native heap growth. Please use -XX:HeapBaseMinAddress
#     to set the Java Heap base and to place the Java Heap above 4GB virtual address.
# This output file may be truncated or incomplete.
#
#  Out of Memory Error (./src/hotspot/share/memory/arena.cpp:197), pid=10484, tid=24380
#
# JRE version: OpenJDK Runtime Environment (11.0.8+10) (build 11.0.8+10-b944.6842174)
# Java VM: OpenJDK 64-Bit Server VM (11.0.8+10-b944.6842174, mixed mode, tiered, compressed oops, g1 gc, windows-amd64)
# No core dump will be written. Minidumps are not enabled by default on client versions of Windows
#

---------------  S U M M A R Y ------------

Command Line: --add-opens=java.base/java.util=ALL-UNNAMED --add-opens=java.base/java.lang=ALL-UNNAMED --add-opens=java.base/java.lang.invoke=ALL-UNNAMED --add-opens=java.prefs/java.util.prefs=ALL-UNNAMED -Xmx2048m -Dfile.encoding=UTF-8 -Duser.country=GB -Duser.language=en -Duser.variant org.gradle.launcher.daemon.bootstrap.GradleDaemon 6.5

Host: Intel(R) Core(TM) i5-8265U CPU @ 1.60GHz, 8 cores, 7G,  Windows 10 , 64 bit Build 19041 (10.0.19041.1023)
Time: Sun Jul 25 12:18:46 2021 Jerusalem Summer Time elapsed time: 65 seconds (0d 0h 1m 5s)

---------------  T H R E A D  ---------------

Current thread (0x0000016b693c6000):  JavaThread "C2 CompilerThread0" daemon [_thread_in_native, id=24380, stack(0x0000000101100000,0x0000000101200000)]


Current CompileTask:
C2:  65843 14438       4       com.android.tools.r8.ir.optimize.K::a (282 bytes)

Stack: [0x0000000101100000,0x0000000101200000]
Native frames: (J=compiled Java code, j=interpreted, Vv=VM code, C=native code)
V  [jvm.dll+0x5de50a]
V  [jvm.dll+0x7122f5]
V  [jvm.dll+0x71384d]
V  [jvm.dll+0x713f03]
V  [jvm.dll+0x23e728]
V  [jvm.dll+0xb899c]
V  [jvm.dll+0xb8e9c]
V  [jvm.dll+0x35020b]
V  [jvm.dll+0x31dea3]
V  [jvm.dll+0x31d39a]
V  [jvm.dll+0x1f7702]
V  [jvm.dll+0x1f68d4]
V  [jvm.dll+0x17f32c]
V  [jvm.dll+0x205047]
V  [jvm.dll+0x203891]
V  [jvm.dll+0x6dad3f]
V  [jvm.dll+0x6d3895]
V  [jvm.dll+0x5dd4a6]
C  [ucrtbase.dll+0x21bb2]
C  [KERNEL32.DLL+0x17034]
C  [ntdll.dll+0x52651]


---------------  P R O C E S S  ---------------

Threads class SMR info:
_java_thread_list=0x0000016b6e1abf00, length=154, elements={
0x0000016b4e099800, 0x0000016b68bb6000, 0x0000016b68ba4800, 0x0000016b68bb1800,
0x0000016b68bb2800, 0x0000016b693c6000, 0x0000016b693d4000, 0x0000016b693d8800,
0x0000016b69579800, 0x0000016b695a5800, 0x0000016b6b87b800, 0x0000016b6963a800,
0x0000016b6a49b000, 0x0000016b6aef9800, 0x0000016b6aa0c000, 0x0000016b6b8f0000,
0x0000016b6b8f1000, 0x0000016b6b8f4000, 0x0000016b6b8f1800, 0x0000016b6df76800,
0x0000016b6df75000, 0x0000016b6df7f000, 0x0000016b6df7b800, 0x0000016b6df7d000,
0x0000016b6df81000, 0x0000016b6df7f800, 0x0000016b6df7e000, 0x0000016b6df80800,
0x0000016b6df7c800, 0x0000016b6b8f2800, 0x0000016b6e35e800, 0x0000016b6e358800,
0x0000016b6e359800, 0x0000016b6e35c000, 0x0000016b6e35f000, 0x0000016b6e35d000,
0x0000016b6e35d800, 0x0000016b6e35a800, 0x0000016b6e360000, 0x0000016b6e35b000,
0x0000016b6e366800, 0x0000016b6e366000, 0x0000016b6e361800, 0x0000016b6e361000,
0x0000016b6e362800, 0x0000016b6e367800, 0x0000016b6e363800, 0x0000016b6e364000,
0x0000016b6e365000, 0x0000016b6c13b800, 0x0000016b6c139800, 0x0000016b6c13d800,
0x0000016b6c13a000, 0x0000016b6c13c800, 0x0000016b6c140800, 0x0000016b6c13e000,
0x0000016b6c13f000, 0x0000016b6c13b000, 0x0000016b6c141800, 0x0000016b6c142800,
0x0000016b6c144000, 0x0000016b6c144800, 0x0000016b6c145800, 0x0000016b6c143000,
0x0000016b6c140000, 0x0000016b6c146800, 0x0000016b6c147000, 0x0000016b6c148000,
0x0000016b6c12a000, 0x0000016b6c12d800, 0x0000016b6c129800, 0x0000016b6c12f000,
0x0000016b6c12e000, 0x0000016b6c130800, 0x0000016b6c12b000, 0x0000016b6c131800,
0x0000016b6c12b800, 0x0000016b6c132800, 0x0000016b6c12c800, 0x0000016b6c134000,
0x0000016b6c134800, 0x0000016b6c135800, 0x0000016b6c137000, 0x0000016b6c133000,
0x0000016b6c138000, 0x0000016b6c136800, 0x0000016b6c152000, 0x0000016b6c156000,
0x0000016b6c153000, 0x0000016b6c153800, 0x0000016b6c157000, 0x0000016b6c154800,
0x0000016b6c151800, 0x0000016b6c158800, 0x0000016b6c158000, 0x0000016b6c15a800,
0x0000016b6c155800, 0x0000016b6c159800, 0x0000016b6c15c800, 0x0000016b6c15b000,
0x0000016b6c15e800, 0x0000016b6c15d800, 0x0000016b6c15f000, 0x0000016b6c160000,
0x0000016b6c15c000, 0x0000016b6c04a800, 0x0000016b6c04b800, 0x0000016b6c049000,
0x0000016b6c04f000, 0x0000016b6c04f800, 0x0000016b6c04d000, 0x0000016b6c04c800,
0x0000016b6c051800, 0x0000016b6d777000, 0x0000016b6c04e000, 0x0000016b6c04a000,
0x0000016b6c053800, 0x0000016b6c052000, 0x0000016b6c056000, 0x0000016b6c050800,
0x0000016b6c054800, 0x0000016b6c055800, 0x0000016b6c057000, 0x0000016b6df73800,
0x0000016b6df76000, 0x0000016b6df72800, 0x0000016b6df78000, 0x0000016b6df7a000,
0x0000016b6df74000, 0x0000016b6df79000, 0x0000016b6df7a800, 0x0000016b6d772000,
0x0000016b6d770800, 0x0000016b6d771000, 0x0000016b6d773000, 0x0000016b6d773800,
0x0000016b6d774800, 0x0000016b6b8ef000, 0x0000016b6b8f5000, 0x0000016b6b8f3800,
0x0000016b6b8f5800, 0x0000016b6c130000, 0x0000016b69a00000, 0x0000016b699ff000,
0x0000016b69a03000, 0x0000016b699fd800, 0x0000016b69a01000, 0x0000016b699fe800,
0x0000016b69a05800, 0x0000016b69a05000, 0x0000016b69a06800, 0x0000016b69a07800,
0x0000016b69a01800, 0x0000016b69a08000
}

Java Threads: ( => current thread )
  0x0000016b4e099800 JavaThread "main" [_thread_blocked, id=22536, stack(0x0000000100600000,0x0000000100700000)]
  0x0000016b68bb6000 JavaThread "Reference Handler" daemon [_thread_blocked, id=2160, stack(0x0000000100d00000,0x0000000100e00000)]
  0x0000016b68ba4800 JavaThread "Finalizer" daemon [_thread_blocked, id=20968, stack(0x0000000100e00000,0x0000000100f00000)]
  0x0000016b68bb1800 JavaThread "Signal Dispatcher" daemon [_thread_blocked, id=25592, stack(0x0000000100f00000,0x0000000101000000)]
  0x0000016b68bb2800 JavaThread "Attach Listener" daemon [_thread_blocked, id=22636, stack(0x0000000101000000,0x0000000101100000)]
=>0x0000016b693c6000 JavaThread "C2 CompilerThread0" daemon [_thread_in_native, id=24380, stack(0x0000000101100000,0x0000000101200000)]
  0x0000016b693d4000 JavaThread "C1 CompilerThread0" daemon [_thread_in_native, id=20604, stack(0x0000000101200000,0x0000000101300000)]
  0x0000016b693d8800 JavaThread "Sweeper thread" daemon [_thread_blocked, id=10300, stack(0x0000000101300000,0x0000000101400000)]
  0x0000016b69579800 JavaThread "Common-Cleaner" daemon [_thread_blocked, id=17236, stack(0x0000000101400000,0x0000000101500000)]
  0x0000016b695a5800 JavaThread "Service Thread" daemon [_thread_blocked, id=21612, stack(0x0000000101500000,0x0000000101600000)]
  0x0000016b6b87b800 JavaThread "Daemon health stats" [_thread_blocked, id=19960, stack(0x0000000101a00000,0x0000000101b00000)]
  0x0000016b6963a800 JavaThread "Incoming local TCP Connector on port 53359" [_thread_in_native, id=13932, stack(0x0000000101c00000,0x0000000101d00000)]
  0x0000016b6a49b000 JavaThread "Daemon periodic checks" [_thread_blocked, id=14000, stack(0x0000000101d00000,0x0000000101e00000)]
  0x0000016b6aef9800 JavaThread "Daemon" [_thread_blocked, id=21776, stack(0x0000000101e00000,0x0000000101f00000)]
  0x0000016b6aa0c000 JavaThread "Daemon worker" [_thread_blocked, id=21824, stack(0x0000000102100000,0x0000000102200000)]
  0x0000016b6b8f0000 JavaThread "Cache worker for journal cache (C:\Users\Iris\.gradle\caches\journal-1)" [_thread_blocked, id=7112, stack(0x0000000102b00000,0x0000000102c00000)]
  0x0000016b6b8f1000 JavaThread "File lock request listener" [_thread_in_native, id=19344, stack(0x0000000102c00000,0x0000000102d00000)]
  0x0000016b6b8f4000 JavaThread "Cache worker for file hash cache (C:\Users\Iris\.gradle\caches\6.5\fileHashes)" [_thread_blocked, id=19248, stack(0x0000000102d00000,0x0000000102e00000)]
  0x0000016b6b8f1800 JavaThread "Cache worker for execution history cache (C:\Users\Iris\.gradle\caches\6.5\executionHistory)" [_thread_blocked, id=14676, stack(0x0000000103300000,0x0000000103400000)]
  0x0000016b6df76800 JavaThread "jar transforms" [_thread_blocked, id=23764, stack(0x0000000103400000,0x0000000103500000)]
  0x0000016b6df75000 JavaThread "Cache worker for file content cache (C:\Users\Iris\.gradle\caches\6.5\fileContent)" [_thread_blocked, id=10260, stack(0x0000000103500000,0x0000000103600000)]
  0x0000016b6df7f000 JavaThread "jar transforms Thread 2" [_thread_blocked, id=2064, stack(0x0000000103d00000,0x0000000103e00000)]
  0x0000016b6df7b800 JavaThread "jar transforms Thread 3" [_thread_blocked, id=14164, stack(0x0000000103e00000,0x0000000103f00000)]
  0x0000016b6df7d000 JavaThread "jar transforms Thread 4" [_thread_blocked, id=15984, stack(0x0000000103f00000,0x0000000104000000)]
  0x0000016b6df81000 JavaThread "jar transforms Thread 5" [_thread_blocked, id=10420, stack(0x0000000104000000,0x0000000104100000)]
  0x0000016b6df7f800 JavaThread "jar transforms Thread 6" [_thread_blocked, id=20064, stack(0x0000000104100000,0x0000000104200000)]
  0x0000016b6df7e000 JavaThread "jar transforms Thread 7" [_thread_blocked, id=24540, stack(0x0000000104200000,0x0000000104300000)]
  0x0000016b6df80800 JavaThread "jar transforms Thread 8" [_thread_blocked, id=7076, stack(0x0000000104300000,0x0000000104400000)]
  0x0000016b6df7c800 JavaThread "jar transforms Thread 9" [_thread_blocked, id=16316, stack(0x0000000104400000,0x0000000104500000)]
  0x0000016b6b8f2800 JavaThread "jar transforms Thread 10" [_thread_blocked, id=20192, stack(0x0000000104500000,0x0000000104600000)]
  0x0000016b6e35e800 JavaThread "jar transforms Thread 11" [_thread_blocked, id=23976, stack(0x0000000104600000,0x0000000104700000)]
  0x0000016b6e358800 JavaThread "jar transforms Thread 12" [_thread_blocked, id=21368, stack(0x0000000104700000,0x0000000104800000)]
  0x0000016b6e359800 JavaThread "jar transforms Thread 13" [_thread_blocked, id=5336, stack(0x0000000104800000,0x0000000104900000)]
  0x0000016b6e35c000 JavaThread "jar transforms Thread 14" [_thread_blocked, id=9404, stack(0x0000000104900000,0x0000000104a00000)]
  0x0000016b6e35f000 JavaThread "jar transforms Thread 15" [_thread_blocked, id=23264, stack(0x0000000104a00000,0x0000000104b00000)]
  0x0000016b6e35d000 JavaThread "jar transforms Thread 16" [_thread_blocked, id=24444, stack(0x0000000104b00000,0x0000000104c00000)]
  0x0000016b6e35d800 JavaThread "jar transforms Thread 17" [_thread_blocked, id=5528, stack(0x0000000104c00000,0x0000000104d00000)]
  0x0000016b6e35a800 JavaThread "jar transforms Thread 18" [_thread_blocked, id=20888, stack(0x0000000104d00000,0x0000000104e00000)]
  0x0000016b6e360000 JavaThread "jar transforms Thread 19" [_thread_blocked, id=4056, stack(0x0000000104e00000,0x0000000104f00000)]
  0x0000016b6e35b000 JavaThread "jar transforms Thread 20" [_thread_blocked, id=8820, stack(0x0000000104f00000,0x0000000105000000)]
  0x0000016b6e366800 JavaThread "jar transforms Thread 21" [_thread_blocked, id=19208, stack(0x0000000105000000,0x0000000105100000)]
  0x0000016b6e366000 JavaThread "jar transforms Thread 22" [_thread_blocked, id=23752, stack(0x0000000105100000,0x0000000105200000)]
  0x0000016b6e361800 JavaThread "jar transforms Thread 23" [_thread_blocked, id=26512, stack(0x0000000105200000,0x0000000105300000)]
  0x0000016b6e361000 JavaThread "jar transforms Thread 24" [_thread_blocked, id=2148, stack(0x0000000105300000,0x0000000105400000)]
  0x0000016b6e362800 JavaThread "jar transforms Thread 25" [_thread_blocked, id=23548, stack(0x0000000105400000,0x0000000105500000)]
  0x0000016b6e367800 JavaThread "jar transforms Thread 26" [_thread_blocked, id=720, stack(0x0000000105500000,0x0000000105600000)]
  0x0000016b6e363800 JavaThread "jar transforms Thread 27" [_thread_blocked, id=1548, stack(0x0000000105600000,0x0000000105700000)]
  0x0000016b6e364000 JavaThread "jar transforms Thread 28" [_thread_blocked, id=26384, stack(0x0000000105700000,0x0000000105800000)]
  0x0000016b6e365000 JavaThread "jar transforms Thread 29" [_thread_blocked, id=21984, stack(0x0000000105800000,0x0000000105900000)]
  0x0000016b6c13b800 JavaThread "jar transforms Thread 30" [_thread_blocked, id=14596, stack(0x0000000105900000,0x0000000105a00000)]
  0x0000016b6c139800 JavaThread "jar transforms Thread 31" [_thread_blocked, id=656, stack(0x0000000105a00000,0x0000000105b00000)]
  0x0000016b6c13d800 JavaThread "jar transforms Thread 32" [_thread_blocked, id=4984, stack(0x0000000105b00000,0x0000000105c00000)]
  0x0000016b6c13a000 JavaThread "jar transforms Thread 33" [_thread_blocked, id=19008, stack(0x0000000105c00000,0x0000000105d00000)]
  0x0000016b6c13c800 JavaThread "jar transforms Thread 34" [_thread_blocked, id=5840, stack(0x0000000105d00000,0x0000000105e00000)]
  0x0000016b6c140800 JavaThread "jar transforms Thread 35" [_thread_blocked, id=9472, stack(0x0000000105e00000,0x0000000105f00000)]
  0x0000016b6c13e000 JavaThread "jar transforms Thread 36" [_thread_blocked, id=9496, stack(0x0000000105f00000,0x0000000106000000)]
  0x0000016b6c13f000 JavaThread "jar transforms Thread 37" [_thread_blocked, id=13788, stack(0x0000000106000000,0x0000000106100000)]
  0x0000016b6c13b000 JavaThread "jar transforms Thread 38" [_thread_blocked, id=15248, stack(0x0000000106100000,0x0000000106200000)]
  0x0000016b6c141800 JavaThread "jar transforms Thread 39" [_thread_blocked, id=11980, stack(0x0000000106200000,0x0000000106300000)]
  0x0000016b6c142800 JavaThread "jar transforms Thread 40" [_thread_blocked, id=6416, stack(0x0000000106300000,0x0000000106400000)]
  0x0000016b6c144000 JavaThread "jar transforms Thread 41" [_thread_blocked, id=17520, stack(0x0000000106400000,0x0000000106500000)]
  0x0000016b6c144800 JavaThread "jar transforms Thread 42" [_thread_blocked, id=5592, stack(0x0000000106500000,0x0000000106600000)]
  0x0000016b6c145800 JavaThread "jar transforms Thread 43" [_thread_blocked, id=4568, stack(0x0000000106600000,0x0000000106700000)]
  0x0000016b6c143000 JavaThread "jar transforms Thread 44" [_thread_blocked, id=13816, stack(0x0000000106700000,0x0000000106800000)]
  0x0000016b6c140000 JavaThread "jar transforms Thread 45" [_thread_blocked, id=360, stack(0x0000000106800000,0x0000000106900000)]
  0x0000016b6c146800 JavaThread "jar transforms Thread 46" [_thread_blocked, id=6992, stack(0x0000000106900000,0x0000000106a00000)]
  0x0000016b6c147000 JavaThread "jar transforms Thread 47" [_thread_blocked, id=24364, stack(0x0000000106a00000,0x0000000106b00000)]
  0x0000016b6c148000 JavaThread "jar transforms Thread 48" [_thread_blocked, id=17328, stack(0x0000000106b00000,0x0000000106c00000)]
  0x0000016b6c12a000 JavaThread "jar transforms Thread 49" [_thread_blocked, id=25704, stack(0x0000000106c00000,0x0000000106d00000)]
  0x0000016b6c12d800 JavaThread "jar transforms Thread 50" [_thread_blocked, id=13212, stack(0x0000000106d00000,0x0000000106e00000)]
  0x0000016b6c129800 JavaThread "jar transforms Thread 51" [_thread_blocked, id=16848, stack(0x0000000106e00000,0x0000000106f00000)]
  0x0000016b6c12f000 JavaThread "jar transforms Thread 52" [_thread_blocked, id=8732, stack(0x0000000106f00000,0x0000000107000000)]
  0x0000016b6c12e000 JavaThread "jar transforms Thread 53" [_thread_blocked, id=22436, stack(0x0000000107100000,0x0000000107200000)]
  0x0000016b6c130800 JavaThread "jar transforms Thread 54" [_thread_blocked, id=10316, stack(0x0000000107200000,0x0000000107300000)]
  0x0000016b6c12b000 JavaThread "jar transforms Thread 55" [_thread_blocked, id=3840, stack(0x0000000107300000,0x0000000107400000)]
  0x0000016b6c131800 JavaThread "jar transforms Thread 56" [_thread_blocked, id=24848, stack(0x0000000107400000,0x0000000107500000)]
  0x0000016b6c12b800 JavaThread "jar transforms Thread 57" [_thread_blocked, id=4596, stack(0x0000000107500000,0x0000000107600000)]
  0x0000016b6c132800 JavaThread "jar transforms Thread 58" [_thread_blocked, id=24472, stack(0x0000000107600000,0x0000000107700000)]
  0x0000016b6c12c800 JavaThread "jar transforms Thread 59" [_thread_blocked, id=26016, stack(0x0000000107700000,0x0000000107800000)]
  0x0000016b6c134000 JavaThread "jar transforms Thread 60" [_thread_blocked, id=12868, stack(0x0000000107800000,0x0000000107900000)]
  0x0000016b6c134800 JavaThread "jar transforms Thread 61" [_thread_blocked, id=20992, stack(0x0000000107900000,0x0000000107a00000)]
  0x0000016b6c135800 JavaThread "jar transforms Thread 62" [_thread_blocked, id=6804, stack(0x0000000107a00000,0x0000000107b00000)]
  0x0000016b6c137000 JavaThread "jar transforms Thread 63" [_thread_blocked, id=9944, stack(0x0000000107b00000,0x0000000107c00000)]
  0x0000016b6c133000 JavaThread "jar transforms Thread 64" [_thread_blocked, id=26004, stack(0x0000000107c00000,0x0000000107d00000)]
  0x0000016b6c138000 JavaThread "jar transforms Thread 65" [_thread_blocked, id=16340, stack(0x0000000107d00000,0x0000000107e00000)]
  0x0000016b6c136800 JavaThread "jar transforms Thread 66" [_thread_blocked, id=18184, stack(0x0000000107e00000,0x0000000107f00000)]
  0x0000016b6c152000 JavaThread "jar transforms Thread 67" [_thread_blocked, id=3568, stack(0x0000000107f00000,0x0000000108000000)]
  0x0000016b6c156000 JavaThread "jar transforms Thread 68" [_thread_blocked, id=13168, stack(0x0000000108000000,0x0000000108100000)]
  0x0000016b6c153000 JavaThread "jar transforms Thread 69" [_thread_blocked, id=6824, stack(0x0000000108100000,0x0000000108200000)]
  0x0000016b6c153800 JavaThread "jar transforms Thread 70" [_thread_blocked, id=25140, stack(0x0000000108200000,0x0000000108300000)]
  0x0000016b6c157000 JavaThread "jar transforms Thread 71" [_thread_blocked, id=11352, stack(0x0000000108300000,0x0000000108400000)]
  0x0000016b6c154800 JavaThread "jar transforms Thread 72" [_thread_blocked, id=22960, stack(0x0000000108400000,0x0000000108500000)]
  0x0000016b6c151800 JavaThread "jar transforms Thread 73" [_thread_blocked, id=6984, stack(0x0000000108500000,0x0000000108600000)]
  0x0000016b6c158800 JavaThread "jar transforms Thread 74" [_thread_blocked, id=24072, stack(0x0000000108600000,0x0000000108700000)]
  0x0000016b6c158000 JavaThread "jar transforms Thread 75" [_thread_blocked, id=20148, stack(0x0000000108700000,0x0000000108800000)]
  0x0000016b6c15a800 JavaThread "jar transforms Thread 76" [_thread_blocked, id=22896, stack(0x0000000108800000,0x0000000108900000)]
  0x0000016b6c155800 JavaThread "jar transforms Thread 77" [_thread_blocked, id=21596, stack(0x0000000108900000,0x0000000108a00000)]
  0x0000016b6c159800 JavaThread "jar transforms Thread 78" [_thread_blocked, id=23208, stack(0x0000000108a00000,0x0000000108b00000)]
  0x0000016b6c15c800 JavaThread "jar transforms Thread 79" [_thread_blocked, id=21648, stack(0x0000000108b00000,0x0000000108c00000)]
  0x0000016b6c15b000 JavaThread "jar transforms Thread 80" [_thread_blocked, id=8844, stack(0x0000000108c00000,0x0000000108d00000)]
  0x0000016b6c15e800 JavaThread "jar transforms Thread 81" [_thread_blocked, id=24484, stack(0x0000000108d00000,0x0000000108e00000)]
  0x0000016b6c15d800 JavaThread "jar transforms Thread 82" [_thread_blocked, id=21752, stack(0x0000000108e00000,0x0000000108f00000)]
  0x0000016b6c15f000 JavaThread "jar transforms Thread 83" [_thread_blocked, id=924, stack(0x0000000108f00000,0x0000000109000000)]
  0x0000016b6c160000 JavaThread "jar transforms Thread 84" [_thread_blocked, id=25308, stack(0x0000000109000000,0x0000000109100000)]
  0x0000016b6c15c000 JavaThread "jar transforms Thread 85" [_thread_blocked, id=19656, stack(0x0000000109100000,0x0000000109200000)]
  0x0000016b6c04a800 JavaThread "jar transforms Thread 86" [_thread_blocked, id=16844, stack(0x0000000109200000,0x0000000109300000)]
  0x0000016b6c04b800 JavaThread "jar transforms Thread 87" [_thread_blocked, id=19292, stack(0x0000000109300000,0x0000000109400000)]
  0x0000016b6c049000 JavaThread "jar transforms Thread 88" [_thread_blocked, id=15520, stack(0x0000000109400000,0x0000000109500000)]
  0x0000016b6c04f000 JavaThread "jar transforms Thread 89" [_thread_blocked, id=25604, stack(0x0000000109500000,0x0000000109600000)]
  0x0000016b6c04f800 JavaThread "jar transforms Thread 90" [_thread_blocked, id=5560, stack(0x0000000109600000,0x0000000109700000)]
  0x0000016b6c04d000 JavaThread "jar transforms Thread 91" [_thread_blocked, id=12156, stack(0x0000000109700000,0x0000000109800000)]
  0x0000016b6c04c800 JavaThread "jar transforms Thread 92" [_thread_blocked, id=3692, stack(0x0000000109800000,0x0000000109900000)]
  0x0000016b6c051800 JavaThread "Memory manager" [_thread_blocked, id=8164, stack(0x0000000109b00000,0x0000000109c00000)]
  0x0000016b6d777000 JavaThread "Cache worker for Java compile cache (C:\Users\Iris\.gradle\caches\6.5\javaCompile)" [_thread_blocked, id=4264, stack(0x000000010a600000,0x000000010a700000)]
  0x0000016b6c04e000 JavaThread "Handler for socket connection from /127.0.0.1:53359 to /127.0.0.1:53706" [_thread_in_native, id=4632, stack(0x0000000100100000,0x0000000100200000)]
  0x0000016b6c04a000 JavaThread "Cancel handler" [_thread_blocked, id=9992, stack(0x0000000100400000,0x0000000100500000)]
  0x0000016b6c053800 JavaThread "Asynchronous log dispatcher for DefaultDaemonConnection: socket connection from /127.0.0.1:53359 to /127.0.0.1:53706" [_thread_blocked, id=22320, stack(0x0000000100500000,0x0000000100600000)]
  0x0000016b6c052000 JavaThread "Stdin handler" [_thread_blocked, id=3952, stack(0x0000000101f00000,0x0000000102000000)]
  0x0000016b6c056000 JavaThread "Thread-137" [_thread_blocked, id=24860, stack(0x0000000102000000,0x0000000102100000)]
  0x0000016b6c050800 JavaThread "Cache worker for file hash cache (C:\Users\Iris\AndroidStudioProjects\MyMathQuiz\.gradle\6.5\fileHashes)" [_thread_blocked, id=11108, stack(0x0000000102200000,0x0000000102300000)]
  0x0000016b6c054800 JavaThread "Cache worker for checksums cache (C:\Users\Iris\AndroidStudioProjects\MyMathQuiz\.gradle\checksums)" [_thread_blocked, id=13016, stack(0x0000000102300000,0x0000000102400000)]
  0x0000016b6c055800 JavaThread "Cache worker for cache directory md-supplier (C:\Users\Iris\.gradle\caches\6.5\md-supplier)" [_thread_blocked, id=6152, stack(0x0000000102400000,0x0000000102500000)]
  0x0000016b6c057000 JavaThread "Cache worker for cache directory md-rule (C:\Users\Iris\.gradle\caches\6.5\md-rule)" [_thread_blocked, id=16588, stack(0x0000000102500000,0x0000000102600000)]
  0x0000016b6df73800 JavaThread "Build operations" [_thread_blocked, id=2756, stack(0x0000000103000000,0x0000000103100000)]
  0x0000016b6df76000 JavaThread "Build operations Thread 2" [_thread_blocked, id=25720, stack(0x0000000103100000,0x0000000103200000)]
  0x0000016b6df72800 JavaThread "Build operations Thread 3" [_thread_blocked, id=2056, stack(0x0000000103200000,0x0000000103300000)]
  0x0000016b6df78000 JavaThread "Build operations Thread 4" [_thread_blocked, id=23776, stack(0x0000000103600000,0x0000000103700000)]
  0x0000016b6df7a000 JavaThread "Build operations Thread 5" [_thread_blocked, id=16504, stack(0x0000000103700000,0x0000000103800000)]
  0x0000016b6df74000 JavaThread "Build operations Thread 6" [_thread_blocked, id=14672, stack(0x0000000103800000,0x0000000103900000)]
  0x0000016b6df79000 JavaThread "Build operations Thread 7" [_thread_blocked, id=13660, stack(0x0000000103900000,0x0000000103a00000)]
  0x0000016b6df7a800 JavaThread "Build operations Thread 8" [_thread_blocked, id=19892, stack(0x0000000103a00000,0x0000000103b00000)]
  0x0000016b6d772000 JavaThread "Cache worker for Build Output Cleanup Cache (C:\Users\Iris\AndroidStudioProjects\MyMathQuiz\.gradle\buildOutputCleanup)" [_thread_blocked, id=18212, stack(0x0000000103b00000,0x0000000103c00000)]
  0x0000016b6d770800 JavaThread "Cache worker for file content cache (C:\Users\Iris\AndroidStudioProjects\MyMathQuiz\.gradle\6.5\fileContent)" [_thread_blocked, id=18452, stack(0x0000000103c00000,0x0000000103d00000)]
  0x0000016b6d771000 JavaThread "Execution worker for ':'" [_thread_blocked, id=21544, stack(0x0000000109900000,0x0000000109a00000)]
  0x0000016b6d773000 JavaThread "Execution worker for ':' Thread 2" [_thread_blocked, id=26416, stack(0x0000000109a00000,0x0000000109b00000)]
  0x0000016b6d773800 JavaThread "Execution worker for ':' Thread 3" [_thread_blocked, id=23316, stack(0x0000000109c00000,0x0000000109d00000)]
  0x0000016b6d774800 JavaThread "Execution worker for ':' Thread 4" [_thread_blocked, id=17504, stack(0x0000000109d00000,0x0000000109e00000)]
  0x0000016b6b8ef000 JavaThread "Execution worker for ':' Thread 5" [_thread_blocked, id=23784, stack(0x0000000109e00000,0x0000000109f00000)]
  0x0000016b6b8f5000 JavaThread "Execution worker for ':' Thread 6" [_thread_blocked, id=8972, stack(0x0000000109f00000,0x000000010a000000)]
  0x0000016b6b8f3800 JavaThread "Execution worker for ':' Thread 7" [_thread_blocked, id=12320, stack(0x000000010a000000,0x000000010a100000)]
  0x0000016b6b8f5800 JavaThread "Cache worker for execution history cache (C:\Users\Iris\AndroidStudioProjects\MyMathQuiz\.gradle\6.5\executionHistory)" [_thread_blocked, id=23252, stack(0x000000010a100000,0x000000010a200000)]
  0x0000016b6c130000 JavaThread "Cache worker for Java compile cache (C:\Users\Iris\AndroidStudioProjects\MyMathQuiz\.gradle\6.5\javaCompile)" [_thread_blocked, id=21664, stack(0x000000010a200000,0x000000010a300000)]
  0x0000016b69a00000 JavaThread "ForkJoinPool.commonPool-worker-3" daemon [_thread_blocked, id=22748, stack(0x000000010a300000,0x000000010a400000)]
  0x0000016b699ff000 JavaThread "ForkJoinPool.commonPool-worker-5" daemon [_thread_blocked, id=12648, stack(0x000000010a400000,0x000000010a500000)]
  0x0000016b69a03000 JavaThread "ForkJoinPool.commonPool-worker-7" daemon [_thread_blocked, id=9340, stack(0x000000010a500000,0x000000010a600000)]
  0x0000016b699fd800 JavaThread "ForkJoinPool.commonPool-worker-9" daemon [_thread_blocked, id=26444, stack(0x000000010a700000,0x000000010a800000)]
  0x0000016b69a01000 JavaThread "ForkJoinPool.commonPool-worker-11" daemon [_thread_blocked, id=8416, stack(0x000000010a800000,0x000000010a900000)]
  0x0000016b699fe800 JavaThread "ForkJoinPool.commonPool-worker-13" daemon [_thread_blocked, id=23912, stack(0x000000010a900000,0x000000010aa00000)]
  0x0000016b69a05800 JavaThread "ForkJoinPool.commonPool-worker-15" daemon [_thread_blocked, id=15420, stack(0x000000010aa00000,0x000000010ab00000)]
  0x0000016b69a05000 JavaThread "WorkerExecutor Queue" [_thread_blocked, id=20368, stack(0x000000010ab00000,0x000000010ac00000)]
  0x0000016b69a06800 JavaThread "WorkerExecutor Queue Thread 2" [_thread_blocked, id=19164, stack(0x000000010ac00000,0x000000010ad00000)]
  0x0000016b69a07800 JavaThread "WorkerExecutor Queue Thread 3" [_thread_blocked, id=15944, stack(0x000000010ad00000,0x000000010ae00000)]
  0x0000016b69a01800 JavaThread "WorkerExecutor Queue Thread 4" [_thread_blocked, id=24952, stack(0x000000010ae00000,0x000000010af00000)]
  0x0000016b69a08000 JavaThread "WorkerExecutor Queue Thread 5" [_thread_blocked, id=22976, stack(0x000000010af00000,0x000000010b000000)]

Other Threads:
  0x0000016b693c2800 VMThread "VM Thread" [stack: 0x0000000100c00000,0x0000000100d00000] [id=7468]
  0x0000016b695a6000 WatcherThread [stack: 0x0000000101600000,0x0000000101700000] [id=8004]
  0x0000016b4e0b1000 GCTaskThread "GC Thread#0" [stack: 0x0000000100700000,0x0000000100800000] [id=9296]
  0x0000016b6a2f9800 GCTaskThread "GC Thread#1" [stack: 0x0000000101800000,0x0000000101900000] [id=21976]
  0x0000016b6a2fe000 GCTaskThread "GC Thread#2" [stack: 0x0000000101900000,0x0000000101a00000] [id=25464]
  0x0000016b6b8d8800 GCTaskThread "GC Thread#3" [stack: 0x0000000102600000,0x0000000102700000] [id=7800]
  0x0000016b6a9c2000 GCTaskThread "GC Thread#4" [stack: 0x0000000102700000,0x0000000102800000] [id=20588]
  0x0000016b6b8eb000 GCTaskThread "GC Thread#5" [stack: 0x0000000102800000,0x0000000102900000] [id=11012]
  0x0000016b6b418800 GCTaskThread "GC Thread#6" [stack: 0x0000000102900000,0x0000000102a00000] [id=3532]
  0x0000016b6b36e000 GCTaskThread "GC Thread#7" [stack: 0x0000000102a00000,0x0000000102b00000] [id=22384]
  0x0000016b4e0e2000 ConcurrentGCThread "G1 Main Marker" [stack: 0x0000000100800000,0x0000000100900000] [id=11792]
  0x0000016b4e0e5800 ConcurrentGCThread "G1 Conc#0" [stack: 0x0000000100900000,0x0000000100a00000] [id=952]
  0x0000016b6a2ab800 ConcurrentGCThread "G1 Conc#1" [stack: 0x0000000102e00000,0x0000000102f00000] [id=12416]
  0x0000016b689d0800 ConcurrentGCThread "G1 Refine#0" [stack: 0x0000000100a00000,0x0000000100b00000] [id=2572]
  0x0000016b689d1800 ConcurrentGCThread "G1 Young RemSet Sampling" [stack: 0x0000000100b00000,0x0000000100c00000] [id=21176]

Threads with active compile tasks:
C2 CompilerThread0  65882 14438       4       com.android.tools.r8.ir.optimize.K::a (282 bytes)

VM state:at safepoint (normal execution)

VM Mutex/Monitor currently owned by a thread:  ([mutex/lock_event])
[0x0000016b4e095590] Threads_lock - owner thread: 0x0000016b693c2800
[0x0000016b4e098dd0] Compile_lock - owner thread: 0x0000016b69a01800

Heap address: 0x0000000080000000, size: 2048 MB, Compressed Oops mode: 32-bit
Narrow klass base: 0x0000016b00000000, Narrow klass shift: 0
Compressed class space size: 1073741824 Address: 0x0000016b00000000

Heap:
 garbage-first heap   total 155648K, used 107666K [0x0000000080000000, 0x0000000100000000)
  region size 1024K, 22 young (22528K), 1 survivors (1024K)
 Metaspace       used 102721K, capacity 105258K, committed 105424K, reserved 1140736K
  class space    used 12924K, capacity 13846K, committed 13952K, reserved 1048576K
Heap Regions: E=young(eden), S=young(survivor), O=old, HS=humongous(starts), HC=humongous(continues), CS=collection set, F=free, A=archive, TAMS=top-at-mark-start (previous, next)
|   0|0x0000000080000000, 0x0000000080100000, 0x0000000080100000|100%|HS|  |TAMS 0x0000000080100000, 0x0000000080000000| Complete 
|   1|0x0000000080100000, 0x0000000080200000, 0x0000000080200000|100%| O|  |TAMS 0x0000000080200000, 0x0000000080100000| Untracked 
|   2|0x0000000080200000, 0x0000000080300000, 0x0000000080300000|100%| O|  |TAMS 0x0000000080300000, 0x0000000080200000| Untracked 
|   3|0x0000000080300000, 0x0000000080400000, 0x0000000080400000|100%|HS|  |TAMS 0x0000000080400000, 0x0000000080300000| Complete 
|   4|0x0000000080400000, 0x0000000080500000, 0x0000000080500000|100%|HC|  |TAMS 0x0000000080500000, 0x0000000080400000| Complete 
|   5|0x0000000080500000, 0x0000000080600000, 0x0000000080600000|100%|HC|  |TAMS 0x0000000080600000, 0x0000000080500000| Complete 
|   6|0x0000000080600000, 0x0000000080700000, 0x0000000080700000|100%| O|  |TAMS 0x0000000080700000, 0x0000000080600000| Untracked 
|   7|0x0000000080700000, 0x0000000080800000, 0x0000000080800000|100%| O|  |TAMS 0x0000000080800000, 0x0000000080700000| Untracked 
|   8|0x0000000080800000, 0x0000000080900000, 0x0000000080900000|100%| O|  |TAMS 0x0000000080900000, 0x0000000080800000| Untracked 
|   9|0x0000000080900000, 0x0000000080a00000, 0x0000000080a00000|100%| O|  |TAMS 0x0000000080a00000, 0x0000000080900000| Untracked 
|  10|0x0000000080a00000, 0x0000000080b00000, 0x0000000080b00000|100%| O|  |TAMS 0x0000000080b00000, 0x0000000080a00000| Untracked 
|  11|0x0000000080b00000, 0x0000000080c00000, 0x0000000080c00000|100%| O|  |TAMS 0x0000000080c00000, 0x0000000080b00000| Untracked 
|  12|0x0000000080c00000, 0x0000000080d00000, 0x0000000080d00000|100%| O|  |TAMS 0x0000000080d00000, 0x0000000080c00000| Untracked 
|  13|0x0000000080d00000, 0x0000000080e00000, 0x0000000080e00000|100%| O|  |TAMS 0x0000000080e00000, 0x0000000080d00000| Untracked 
|  14|0x0000000080e00000, 0x0000000080f00000, 0x0000000080f00000|100%| O|  |TAMS 0x0000000080f00000, 0x0000000080e00000| Untracked 
|  15|0x0000000080f00000, 0x0000000081000000, 0x0000000081000000|100%| O|  |TAMS 0x0000000081000000, 0x0000000080f00000| Untracked 
|  16|0x0000000081000000, 0x0000000081100000, 0x0000000081100000|100%|HS|  |TAMS 0x0000000081100000, 0x0000000081000000| Complete 
|  17|0x0000000081100000, 0x0000000081200000, 0x0000000081200000|100%|HC|  |TAMS 0x0000000081200000, 0x0000000081100000| Complete 
|  18|0x0000000081200000, 0x0000000081300000, 0x0000000081300000|100%| O|  |TAMS 0x0000000081300000, 0x0000000081200000| Untracked 
|  19|0x0000000081300000, 0x0000000081400000, 0x0000000081400000|100%| O|  |TAMS 0x0000000081400000, 0x0000000081300000| Untracked 
|  20|0x0000000081400000, 0x0000000081500000, 0x0000000081500000|100%| O|  |TAMS 0x0000000081500000, 0x0000000081400000| Untracked 
|  21|0x0000000081500000, 0x0000000081600000, 0x0000000081600000|100%| O|  |TAMS 0x0000000081600000, 0x0000000081500000| Untracked 
|  22|0x0000000081600000, 0x0000000081700000, 0x0000000081700000|100%| O|  |TAMS 0x0000000081700000, 0x0000000081600000| Untracked 
|  23|0x0000000081700000, 0x0000000081800000, 0x0000000081800000|100%| O|  |TAMS 0x0000000081800000, 0x0000000081700000| Untracked 
|  24|0x0000000081800000, 0x0000000081900000, 0x0000000081900000|100%| O|  |TAMS 0x0000000081900000, 0x0000000081800000| Untracked 
|  25|0x0000000081900000, 0x0000000081a00000, 0x0000000081a00000|100%| O|  |TAMS 0x0000000081a00000, 0x0000000081900000| Untracked 
|  26|0x0000000081a00000, 0x0000000081b00000, 0x0000000081b00000|100%| O|  |TAMS 0x0000000081b00000, 0x0000000081a00000| Untracked 
|  27|0x0000000081b00000, 0x0000000081c00000, 0x0000000081c00000|100%| O|  |TAMS 0x0000000081c00000, 0x0000000081b00000| Untracked 
|  28|0x0000000081c00000, 0x0000000081d00000, 0x0000000081d00000|100%| O|  |TAMS 0x0000000081d00000, 0x0000000081c00000| Untracked 
|  29|0x0000000081d00000, 0x0000000081e00000, 0x0000000081e00000|100%| O|  |TAMS 0x0000000081e00000, 0x0000000081d00000| Untracked 
|  30|0x0000000081e00000, 0x0000000081f00000, 0x0000000081f00000|100%| O|  |TAMS 0x0000000081f00000, 0x0000000081e00000| Untracked 
|  31|0x0000000081f00000, 0x0000000082000000, 0x0000000082000000|100%| O|  |TAMS 0x0000000082000000, 0x0000000081f00000| Untracked 
|  32|0x0000000082000000, 0x0000000082000000, 0x0000000082100000|  0%| F|  |TAMS 0x0000000082000000, 0x0000000082000000| Untracked 
|  33|0x0000000082100000, 0x0000000082200000, 0x0000000082200000|100%| O|  |TAMS 0x0000000082200000, 0x0000000082100000| Untracked 
|  34|0x0000000082200000, 0x0000000082300000, 0x0000000082300000|100%| O|  |TAMS 0x0000000082300000, 0x0000000082200000| Untracked 
|  35|0x0000000082300000, 0x0000000082400000, 0x0000000082400000|100%| O|  |TAMS 0x0000000082400000, 0x0000000082300000| Untracked 
|  36|0x0000000082400000, 0x0000000082500000, 0x0000000082500000|100%| O|  |TAMS 0x0000000082500000, 0x0000000082400000| Untracked 
|  37|0x0000000082500000, 0x0000000082600000, 0x0000000082600000|100%| O|  |TAMS 0x0000000082600000, 0x0000000082500000| Untracked 
|  38|0x0000000082600000, 0x0000000082700000, 0x0000000082700000|100%| O|  |TAMS 0x0000000082700000, 0x0000000082600000| Untracked 
|  39|0x0000000082700000, 0x0000000082800000, 0x0000000082800000|100%| O|  |TAMS 0x0000000082800000, 0x0000000082700000| Untracked 
|  40|0x0000000082800000, 0x0000000082900000, 0x0000000082900000|100%| O|  |TAMS 0x0000000082900000, 0x0000000082800000| Untracked 
|  41|0x0000000082900000, 0x0000000082a00000, 0x0000000082a00000|100%| O|  |TAMS 0x0000000082a00000, 0x0000000082900000| Untracked 
|  42|0x0000000082a00000, 0x0000000082b00000, 0x0000000082b00000|100%| O|  |TAMS 0x0000000082b00000, 0x0000000082a00000| Untracked 
|  43|0x0000000082b00000, 0x0000000082c00000, 0x0000000082c00000|100%| O|  |TAMS 0x0000000082c00000, 0x0000000082b00000| Untracked 
|  44|0x0000000082c00000, 0x0000000082d00000, 0x0000000082d00000|100%| O|  |TAMS 0x0000000082d00000, 0x0000000082c00000| Untracked 
|  45|0x0000000082d00000, 0x0000000082e00000, 0x0000000082e00000|100%| O|  |TAMS 0x0000000082e00000, 0x0000000082d00000| Untracked 
|  46|0x0000000082e00000, 0x0000000082f00000, 0x0000000082f00000|100%| O|  |TAMS 0x0000000082f00000, 0x0000000082e00000| Untracked 
|  47|0x0000000082f00000, 0x0000000083000000, 0x0000000083000000|100%| O|  |TAMS 0x0000000083000000, 0x0000000082f00000| Untracked 
|  48|0x0000000083000000, 0x0000000083100000, 0x0000000083100000|100%| O|  |TAMS 0x0000000083100000, 0x0000000083000000| Untracked 
|  49|0x0000000083100000, 0x0000000083200000, 0x0000000083200000|100%| O|  |TAMS 0x0000000083200000, 0x0000000083100000| Untracked 
|  50|0x0000000083200000, 0x0000000083300000, 0x0000000083300000|100%| O|  |TAMS 0x0000000083300000, 0x0000000083200000| Untracked 
|  51|0x0000000083300000, 0x0000000083400000, 0x0000000083400000|100%| O|  |TAMS 0x0000000083400000, 0x0000000083300000| Untracked 
|  52|0x0000000083400000, 0x0000000083500000, 0x0000000083500000|100%| O|  |TAMS 0x0000000083500000, 0x0000000083400000| Untracked 
|  53|0x0000000083500000, 0x0000000083600000, 0x0000000083600000|100%| O|  |TAMS 0x0000000083600000, 0x0000000083500000| Untracked 
|  54|0x0000000083600000, 0x0000000083700000, 0x0000000083700000|100%| O|  |TAMS 0x0000000083700000, 0x0000000083600000| Untracked 
|  55|0x0000000083700000, 0x0000000083800000, 0x0000000083800000|100%| O|  |TAMS 0x0000000083800000, 0x0000000083700000| Untracked 
|  56|0x0000000083800000, 0x0000000083900000, 0x0000000083900000|100%| O|  |TAMS 0x0000000083900000, 0x0000000083800000| Untracked 
|  57|0x0000000083900000, 0x0000000083a00000, 0x0000000083a00000|100%| O|  |TAMS 0x0000000083a00000, 0x0000000083900000| Untracked 
|  58|0x0000000083a00000, 0x0000000083b00000, 0x0000000083b00000|100%| O|  |TAMS 0x0000000083b00000, 0x0000000083a00000| Untracked 
|  59|0x0000000083b00000, 0x0000000083c00000, 0x0000000083c00000|100%| O|  |TAMS 0x0000000083b00000, 0x0000000083b00000| Untracked 
|  60|0x0000000083c00000, 0x0000000083d00000, 0x0000000083d00000|100%| O|  |TAMS 0x0000000083d00000, 0x0000000083c00000| Untracked 
|  61|0x0000000083d00000, 0x0000000083e00000, 0x0000000083e00000|100%| O|  |TAMS 0x0000000083d00000, 0x0000000083d00000| Untracked 
|  62|0x0000000083e00000, 0x0000000083f00000, 0x0000000083f00000|100%| O|  |TAMS 0x0000000083f00000, 0x0000000083e00000| Untracked 
|  63|0x0000000083f00000, 0x0000000084000000, 0x0000000084000000|100%|HS|  |TAMS 0x0000000083f00000, 0x0000000083f00000| Complete 
|  64|0x0000000084000000, 0x0000000084100000, 0x0000000084100000|100%|HC|  |TAMS 0x0000000084000000, 0x0000000084000000| Complete 
|  65|0x0000000084100000, 0x0000000084200000, 0x0000000084200000|100%| O|  |TAMS 0x0000000084200000, 0x0000000084100000| Untracked 
|  66|0x0000000084200000, 0x0000000084300000, 0x0000000084300000|100%| O|  |TAMS 0x0000000084300000, 0x0000000084200000| Untracked 
|  67|0x0000000084300000, 0x0000000084400000, 0x0000000084400000|100%| O|  |TAMS 0x0000000084400000, 0x0000000084300000| Untracked 
|  68|0x0000000084400000, 0x0000000084500000, 0x0000000084500000|100%| O|  |TAMS 0x0000000084400000, 0x0000000084400000| Untracked 
|  69|0x0000000084500000, 0x0000000084600000, 0x0000000084600000|100%| O|  |TAMS 0x0000000084600000, 0x0000000084500000| Untracked 
|  70|0x0000000084600000, 0x0000000084700000, 0x0000000084700000|100%| O|  |TAMS 0x0000000084700000, 0x0000000084600000| Untracked 
|  71|0x0000000084700000, 0x0000000084800000, 0x0000000084800000|100%| O|  |TAMS 0x0000000084800000, 0x0000000084700000| Untracked 
|  72|0x0000000084800000, 0x0000000084900000, 0x0000000084900000|100%| O|  |TAMS 0x0000000084900000, 0x0000000084800000| Untracked 
|  73|0x0000000084900000, 0x0000000084a00000, 0x0000000084a00000|100%| O|  |TAMS 0x0000000084a00000, 0x0000000084900000| Untracked 
|  74|0x0000000084a00000, 0x0000000084b00000, 0x0000000084b00000|100%| O|  |TAMS 0x0000000084a00000, 0x0000000084a00000| Untracked 
|  75|0x0000000084b00000, 0x0000000084c00000, 0x0000000084c00000|100%| O|  |TAMS 0x0000000084c00000, 0x0000000084b00000| Untracked 
|  76|0x0000000084c00000, 0x0000000084d00000, 0x0000000084d00000|100%| O|  |TAMS 0x0000000084c00000, 0x0000000084c00000| Untracked 
|  77|0x0000000084d00000, 0x0000000084e00000, 0x0000000084e00000|100%| O|  |TAMS 0x0000000084d00000, 0x0000000084d00000| Untracked 
|  78|0x0000000084e00000, 0x0000000084f00000, 0x0000000084f00000|100%| O|  |TAMS 0x0000000084f00000, 0x0000000084e00000| Untracked 
|  79|0x0000000084f00000, 0x0000000085000000, 0x0000000085000000|100%| O|  |TAMS 0x0000000084f00000, 0x0000000084f00000| Untracked 
|  80|0x0000000085000000, 0x0000000085100000, 0x0000000085100000|100%| O|  |TAMS 0x0000000085000000, 0x0000000085000000| Untracked 
|  81|0x0000000085100000, 0x0000000085168e00, 0x0000000085200000| 40%| O|  |TAMS 0x0000000085100000, 0x0000000085100000| Untracked 
|  82|0x0000000085200000, 0x0000000085200000, 0x0000000085300000|  0%| F|  |TAMS 0x0000000085200000, 0x0000000085200000| Untracked 
|  83|0x0000000085300000, 0x0000000085300000, 0x0000000085400000|  0%| F|  |TAMS 0x0000000085300000, 0x0000000085300000| Untracked 
|  84|0x0000000085400000, 0x0000000085400000, 0x0000000085500000|  0%| F|  |TAMS 0x0000000085400000, 0x0000000085400000| Untracked 
|  85|0x0000000085500000, 0x0000000085500000, 0x0000000085600000|  0%| F|  |TAMS 0x0000000085500000, 0x0000000085500000| Untracked 
|  86|0x0000000085600000, 0x0000000085700000, 0x0000000085700000|100%| O|  |TAMS 0x0000000085700000, 0x0000000085600000| Untracked 
|  87|0x0000000085700000, 0x0000000085800000, 0x0000000085800000|100%| O|  |TAMS 0x0000000085800000, 0x0000000085700000| Untracked 
|  88|0x0000000085800000, 0x0000000085900000, 0x0000000085900000|100%| O|  |TAMS 0x0000000085900000, 0x0000000085800000| Untracked 
|  89|0x0000000085900000, 0x0000000085a00000, 0x0000000085a00000|100%| O|  |TAMS 0x00000000859d9400, 0x0000000085900000| Untracked 
|  90|0x0000000085a00000, 0x0000000085a00000, 0x0000000085b00000|  0%| F|  |TAMS 0x0000000085a00000, 0x0000000085a00000| Untracked 
|  91|0x0000000085b00000, 0x0000000085b00000, 0x0000000085c00000|  0%| F|  |TAMS 0x0000000085b00000, 0x0000000085b00000| Untracked 
|  92|0x0000000085c00000, 0x0000000085c00000, 0x0000000085d00000|  0%| F|  |TAMS 0x0000000085c00000, 0x0000000085c00000| Untracked 
|  93|0x0000000085d00000, 0x0000000085d00000, 0x0000000085e00000|  0%| F|  |TAMS 0x0000000085d00000, 0x0000000085d00000| Untracked 
|  94|0x0000000085e00000, 0x0000000085e00000, 0x0000000085f00000|  0%| F|  |TAMS 0x0000000085e00000, 0x0000000085e00000| Untracked 
|  95|0x0000000085f00000, 0x0000000085f00000, 0x0000000086000000|  0%| F|  |TAMS 0x0000000085f00000, 0x0000000085f00000| Untracked 
|  96|0x0000000086000000, 0x0000000086000000, 0x0000000086100000|  0%| F|  |TAMS 0x0000000086000000, 0x0000000086000000| Untracked 
|  97|0x0000000086100000, 0x0000000086100000, 0x0000000086200000|  0%| F|  |TAMS 0x0000000086100000, 0x0000000086100000| Untracked 
|  98|0x0000000086200000, 0x0000000086200000, 0x0000000086300000|  0%| F|  |TAMS 0x0000000086200000, 0x0000000086200000| Untracked 
|  99|0x0000000086300000, 0x0000000086300000, 0x0000000086400000|  0%| F|  |TAMS 0x0000000086300000, 0x0000000086300000| Untracked 
| 100|0x0000000086400000, 0x0000000086400000, 0x0000000086500000|  0%| F|  |TAMS 0x0000000086400000, 0x0000000086400000| Untracked 
| 101|0x0000000086500000, 0x0000000086500000, 0x0000000086600000|  0%| F|  |TAMS 0x0000000086500000, 0x0000000086500000| Untracked 
| 102|0x0000000086600000, 0x0000000086600000, 0x0000000086700000|  0%| F|  |TAMS 0x0000000086600000, 0x0000000086600000| Untracked 
| 103|0x0000000086700000, 0x0000000086700000, 0x0000000086800000|  0%| F|  |TAMS 0x0000000086700000, 0x0000000086700000| Untracked 
| 104|0x0000000086800000, 0x0000000086800000, 0x0000000086900000|  0%| F|  |TAMS 0x0000000086800000, 0x0000000086800000| Untracked 
| 105|0x0000000086900000, 0x0000000086900000, 0x0000000086a00000|  0%| F|  |TAMS 0x0000000086900000, 0x0000000086900000| Untracked 
| 106|0x0000000086a00000, 0x0000000086a00000, 0x0000000086b00000|  0%| F|  |TAMS 0x0000000086a00000, 0x0000000086a00000| Untracked 
| 107|0x0000000086b00000, 0x0000000086b00000, 0x0000000086c00000|  0%| F|  |TAMS 0x0000000086b00000, 0x0000000086b00000| Untracked 
| 108|0x0000000086c00000, 0x0000000086c00000, 0x0000000086d00000|  0%| F|  |TAMS 0x0000000086c00000, 0x0000000086c00000| Untracked 
| 109|0x0000000086d00000, 0x0000000086d00000, 0x0000000086e00000|  0%| F|  |TAMS 0x0000000086d00000, 0x0000000086d00000| Untracked 
| 110|0x0000000086e00000, 0x0000000086e00000, 0x0000000086f00000|  0%| F|  |TAMS 0x0000000086e00000, 0x0000000086e00000| Untracked 
| 111|0x0000000086f00000, 0x0000000086f00000, 0x0000000087000000|  0%| F|  |TAMS 0x0000000086f00000, 0x0000000086f00000| Untracked 
| 112|0x0000000087000000, 0x0000000087000000, 0x0000000087100000|  0%| F|  |TAMS 0x0000000087000000, 0x0000000087000000| Untracked 
| 113|0x0000000087100000, 0x0000000087100000, 0x0000000087200000|  0%| F|  |TAMS 0x0000000087100000, 0x0000000087100000| Untracked 
| 114|0x0000000087200000, 0x0000000087200000, 0x0000000087300000|  0%| F|  |TAMS 0x0000000087200000, 0x0000000087200000| Untracked 
| 115|0x0000000087300000, 0x0000000087300000, 0x0000000087400000|  0%| F|  |TAMS 0x0000000087300000, 0x0000000087300000| Untracked 
| 116|0x0000000087400000, 0x0000000087400000, 0x0000000087500000|  0%| F|  |TAMS 0x0000000087400000, 0x0000000087400000| Untracked 
| 117|0x0000000087500000, 0x0000000087500000, 0x0000000087600000|  0%| F|  |TAMS 0x0000000087500000, 0x0000000087500000| Untracked 
| 118|0x0000000087600000, 0x0000000087600000, 0x0000000087700000|  0%| F|  |TAMS 0x0000000087600000, 0x0000000087600000| Untracked 
| 119|0x0000000087700000, 0x0000000087700000, 0x0000000087800000|  0%| F|  |TAMS 0x0000000087700000, 0x0000000087700000| Untracked 
| 120|0x0000000087800000, 0x0000000087800000, 0x0000000087900000|  0%| F|  |TAMS 0x0000000087800000, 0x0000000087800000| Untracked 
| 121|0x0000000087900000, 0x0000000087900000, 0x0000000087a00000|  0%| F|  |TAMS 0x0000000087900000, 0x0000000087900000| Untracked 
| 122|0x0000000087a00000, 0x0000000087a00000, 0x0000000087b00000|  0%| F|  |TAMS 0x0000000087a00000, 0x0000000087a00000| Untracked 
| 123|0x0000000087b00000, 0x0000000087b00000, 0x0000000087c00000|  0%| F|  |TAMS 0x0000000087b00000, 0x0000000087b00000| Untracked 
| 124|0x0000000087c00000, 0x0000000087c00000, 0x0000000087d00000|  0%| F|  |TAMS 0x0000000087c00000, 0x0000000087c00000| Untracked 
| 125|0x0000000087d00000, 0x0000000087d00000, 0x0000000087e00000|  0%| F|  |TAMS 0x0000000087d00000, 0x0000000087d00000| Untracked 
| 126|0x0000000087e00000, 0x0000000087e00000, 0x0000000087f00000|  0%| F|  |TAMS 0x0000000087e00000, 0x0000000087e00000| Untracked 
| 127|0x0000000087f00000, 0x0000000087f00000, 0x0000000088000000|  0%| F|  |TAMS 0x0000000087f00000, 0x0000000087f00000| Untracked 
| 128|0x0000000088000000, 0x0000000088000000, 0x0000000088100000|  0%| F|  |TAMS 0x0000000088000000, 0x0000000088000000| Untracked 
| 129|0x0000000088100000, 0x0000000088100000, 0x0000000088200000|  0%| F|  |TAMS 0x0000000088100000, 0x0000000088100000| Untracked 
| 130|0x0000000088200000, 0x00000000882deca8, 0x0000000088300000| 87%| E|  |TAMS 0x0000000088200000, 0x0000000088200000| Complete 
| 131|0x0000000088300000, 0x0000000088400000, 0x0000000088400000|100%| E|CS|TAMS 0x0000000088300000, 0x0000000088300000| Complete 
| 132|0x0000000088400000, 0x0000000088500000, 0x0000000088500000|100%| E|CS|TAMS 0x0000000088400000, 0x0000000088400000| Complete 
| 133|0x0000000088500000, 0x0000000088600000, 0x0000000088600000|100%| E|CS|TAMS 0x0000000088500000, 0x0000000088500000| Complete 
| 134|0x0000000088600000, 0x0000000088700000, 0x0000000088700000|100%| E|CS|TAMS 0x0000000088600000, 0x0000000088600000| Complete 
| 135|0x0000000088700000, 0x0000000088800000, 0x0000000088800000|100%| E|CS|TAMS 0x0000000088700000, 0x0000000088700000| Complete 
| 136|0x0000000088800000, 0x0000000088900000, 0x0000000088900000|100%| E|CS|TAMS 0x0000000088800000, 0x0000000088800000| Complete 
| 137|0x0000000088900000, 0x0000000088a00000, 0x0000000088a00000|100%| E|CS|TAMS 0x0000000088900000, 0x0000000088900000| Complete 
| 138|0x0000000088a00000, 0x0000000088b00000, 0x0000000088b00000|100%| E|CS|TAMS 0x0000000088a00000, 0x0000000088a00000| Complete 
| 139|0x0000000088b00000, 0x0000000088c00000, 0x0000000088c00000|100%| E|CS|TAMS 0x0000000088b00000, 0x0000000088b00000| Complete 
| 140|0x0000000088c00000, 0x0000000088d00000, 0x0000000088d00000|100%| E|CS|TAMS 0x0000000088c00000, 0x0000000088c00000| Complete 
| 141|0x0000000088d00000, 0x0000000088e00000, 0x0000000088e00000|100%| E|CS|TAMS 0x0000000088d00000, 0x0000000088d00000| Complete 
| 142|0x0000000088e00000, 0x0000000088f00000, 0x0000000088f00000|100%| E|CS|TAMS 0x0000000088e00000, 0x0000000088e00000| Complete 
| 143|0x0000000088f00000, 0x0000000089000000, 0x0000000089000000|100%| E|CS|TAMS 0x0000000088f00000, 0x0000000088f00000| Complete 
| 144|0x0000000089000000, 0x0000000089100000, 0x0000000089100000|100%| E|CS|TAMS 0x0000000089000000, 0x0000000089000000| Complete 
| 145|0x0000000089100000, 0x0000000089200000, 0x0000000089200000|100%| E|CS|TAMS 0x0000000089100000, 0x0000000089100000| Complete 
| 146|0x0000000089200000, 0x0000000089300000, 0x0000000089300000|100%| E|CS|TAMS 0x0000000089200000, 0x0000000089200000| Complete 
| 147|0x0000000089300000, 0x0000000089400000, 0x0000000089400000|100%| E|CS|TAMS 0x0000000089300000, 0x0000000089300000| Complete 
| 148|0x0000000089400000, 0x0000000089500000, 0x0000000089500000|100%| E|CS|TAMS 0x0000000089400000, 0x0000000089400000| Complete 
| 149|0x0000000089500000, 0x0000000089600000, 0x0000000089600000|100%| E|CS|TAMS 0x0000000089500000, 0x0000000089500000| Complete 
| 150|0x0000000089600000, 0x00000000896bbd40, 0x0000000089700000| 73%| S|CS|TAMS 0x0000000089600000, 0x0000000089600000| Complete 
| 151|0x0000000089700000, 0x0000000089800000, 0x0000000089800000|100%| E|CS|TAMS 0x0000000089700000, 0x0000000089700000| Complete 

Card table byte_map: [0x0000016b618b0000,0x0000016b61cb0000] _byte_map_base: 0x0000016b614b0000

Marking Bits (Prev, Next): (CMBitMap*) 0x0000016b4e0d9650, (CMBitMap*) 0x0000016b4e0d9618
 Prev Bits: [0x0000016b640b0000, 0x0000016b660b0000)
 Next Bits: [0x0000016b620b0000, 0x0000016b640b0000)

Polling page: 0x0000016b4c8b0000

Metaspace:

Usage:
  Non-class:     89.28 MB capacity,    87.70 MB ( 98%) used,     1.29 MB (  1%) free+waste,   292.44 KB ( <1%) overhead. 
      Class:     13.53 MB capacity,    12.63 MB ( 93%) used,   788.52 KB (  6%) free+waste,   133.56 KB ( <1%) overhead. 
       Both:    102.80 MB capacity,   100.33 MB ( 98%) used,     2.06 MB (  2%) free+waste,   426.00 KB ( <1%) overhead. 

Virtual space:
  Non-class space:       90.00 MB reserved,      89.33 MB (>99%) committed 
      Class space:        1.00 GB reserved,      13.63 MB (  1%) committed 
             Both:        1.09 GB reserved,     102.95 MB (  9%) committed 

Chunk freelists:
   Non-Class:  0 bytes
       Class:  5.00 KB
        Both:  5.00 KB

MaxMetaspaceSize: 17179869184.00 GB
CompressedClassSpaceSize: 1.00 GB

CodeHeap 'non-profiled nmethods': size=120000Kb used=8273Kb max_used=8273Kb free=111726Kb
 bounds [0x0000016b594f0000, 0x0000016b59d10000, 0x0000016b60a20000]
CodeHeap 'profiled nmethods': size=120000Kb used=30952Kb max_used=30952Kb free=89048Kb
 bounds [0x0000016b51fc0000, 0x0000016b53e10000, 0x0000016b594f0000]
CodeHeap 'non-nmethods': size=5760Kb used=2307Kb max_used=2389Kb free=3452Kb
 bounds [0x0000016b51a20000, 0x0000016b51c90000, 0x0000016b51fc0000]
 total_blobs=14612 nmethods=13710 adapters=812
 compilation: enabled
              stopped_count=0, restarted_count=0
 full_count=0

Compilation events (20 events):
Event: 65.836 Thread 0x0000016b693d4000 14467       3       com.android.tools.r8.ir.conversion.u::<init> (11 bytes)
Event: 65.836 Thread 0x0000016b693d4000 nmethod 14467 0x0000016b53dd1c10 code [0x0000016b53dd1de0, 0x0000016b53dd2058]
Event: 65.836 Thread 0x0000016b693d4000 14468       1       com.android.tools.r8.s.b.l::T0 (2 bytes)
Event: 65.836 Thread 0x0000016b693d4000 nmethod 14468 0x0000016b59d02810 code [0x0000016b59d029c0, 0x0000016b59d02a78]
Event: 65.836 Thread 0x0000016b693d4000 14470       3       com.android.tools.r8.s.b.k0::a (61 bytes)
Event: 65.837 Thread 0x0000016b693d4000 nmethod 14470 0x0000016b53dd2190 code [0x0000016b53dd23e0, 0x0000016b53dd2ca8]
Event: 65.837 Thread 0x0000016b693d4000 14471       1       com.android.tools.r8.s.b.i1::N2 (2 bytes)
Event: 65.837 Thread 0x0000016b693d4000 nmethod 14471 0x0000016b59d02b10 code [0x0000016b59d02cc0, 0x0000016b59d02d78]
Event: 65.837 Thread 0x0000016b693d4000 14472       3       com.android.tools.r8.graph.c::definitionFor (87 bytes)
Event: 65.837 Thread 0x0000016b693d4000 nmethod 14472 0x0000016b53dd2f90 code [0x0000016b53dd31a0, 0x0000016b53dd3738]
Event: 65.837 Thread 0x0000016b693d4000 14474       3       com.android.tools.r8.graph.b::f (7 bytes)
Event: 65.837 Thread 0x0000016b693d4000 nmethod 14474 0x0000016b53dd3990 code [0x0000016b53dd3b40, 0x0000016b53dd3d98]
Event: 65.837 Thread 0x0000016b693d4000 14476       3       com.android.tools.r8.s.a.p.f::b (2 bytes)
Event: 65.837 Thread 0x0000016b693d4000 nmethod 14476 0x0000016b53dd3e90 code [0x0000016b53dd4040, 0x0000016b53dd4138]
Event: 65.837 Thread 0x0000016b693d4000 14473       1       com.android.tools.r8.s.a.p.f::U (5 bytes)
Event: 65.837 Thread 0x0000016b693d4000 nmethod 14473 0x0000016b59d02e10 code [0x0000016b59d02fc0, 0x0000016b59d03078]
Event: 65.837 Thread 0x0000016b693d4000 14475       1       com.android.tools.r8.s.a.p.u::t (2 bytes)
Event: 65.837 Thread 0x0000016b693d4000 nmethod 14475 0x0000016b59d03110 code [0x0000016b59d032c0, 0x0000016b59d03378]
Event: 65.837 Thread 0x0000016b693d4000 14477       3       com.android.tools.r8.s.a.p.q::equals (11 bytes)
Event: 65.838 Thread 0x0000016b693d4000 nmethod 14477 0x0000016b53dd4210 code [0x0000016b53dd43c0, 0x0000016b53dd4518]

GC Heap History (20 events):
Event: 62.528 GC heap before
{Heap before GC invocations=23 (full 0):
 garbage-first heap   total 155648K, used 126136K [0x0000000080000000, 0x0000000100000000)
  region size 1024K, 50 young (51200K), 6 survivors (6144K)
 Metaspace       used 93308K, capacity 95453K, committed 96080K, reserved 1132544K
  class space    used 11609K, capacity 12368K, committed 12544K, reserved 1048576K
}
Event: 62.555 GC heap after
{Heap after GC invocations=24 (full 0):
 garbage-first heap   total 155648K, used 88054K [0x0000000080000000, 0x0000000100000000)
  region size 1024K, 7 young (7168K), 7 survivors (7168K)
 Metaspace       used 93308K, capacity 95453K, committed 96080K, reserved 1132544K
  class space    used 11609K, capacity 12368K, committed 12544K, reserved 1048576K
}
Event: 63.007 GC heap before
{Heap before GC invocations=25 (full 0):
 garbage-first heap   total 155648K, used 124918K [0x0000000080000000, 0x0000000100000000)
  region size 1024K, 44 young (45056K), 7 survivors (7168K)
 Metaspace       used 93645K, capacity 95935K, committed 96336K, reserved 1132544K
  class space    used 11624K, capacity 12377K, committed 12544K, reserved 1048576K
}
Event: 63.015 GC heap after
{Heap after GC invocations=26 (full 0):
 garbage-first heap   total 155648K, used 90112K [0x0000000080000000, 0x0000000100000000)
  region size 1024K, 3 young (3072K), 3 survivors (3072K)
 Metaspace       used 93645K, capacity 95935K, committed 96336K, reserved 1132544K
  class space    used 11624K, capacity 12377K, committed 12544K, reserved 1048576K
}
Event: 63.035 GC heap before
{Heap before GC invocations=26 (full 0):
 garbage-first heap   total 155648K, used 94208K [0x0000000080000000, 0x0000000100000000)
  region size 1024K, 7 young (7168K), 3 survivors (3072K)
 Metaspace       used 93645K, capacity 95935K, committed 96336K, reserved 1132544K
  class space    used 11624K, capacity 12377K, committed 12544K, reserved 1048576K
}
Event: 63.042 GC heap after
{Heap after GC invocations=27 (full 0):
 garbage-first heap   total 155648K, used 88306K [0x0000000080000000, 0x0000000100000000)
  region size 1024K, 1 young (1024K), 1 survivors (1024K)
 Metaspace       used 93645K, capacity 95935K, committed 96336K, reserved 1132544K
  class space    used 11624K, capacity 12377K, committed 12544K, reserved 1048576K
}
Event: 63.246 GC heap before
{Heap before GC invocations=27 (full 0):
 garbage-first heap   total 155648K, used 124146K [0x0000000080000000, 0x0000000100000000)
  region size 1024K, 37 young (37888K), 1 survivors (1024K)
 Metaspace       used 93940K, capacity 96137K, committed 96592K, reserved 1134592K
  class space    used 11671K, capacity 12421K, committed 12544K, reserved 1048576K
}
Event: 63.250 GC heap after
{Heap after GC invocations=28 (full 0):
 garbage-first heap   total 155648K, used 89794K [0x0000000080000000, 0x0000000100000000)
  region size 1024K, 3 young (3072K), 3 survivors (3072K)
 Metaspace       used 93940K, capacity 96137K, committed 96592K, reserved 1134592K
  class space    used 11671K, capacity 12421K, committed 12544K, reserved 1048576K
}
Event: 63.347 GC heap before
{Heap before GC invocations=28 (full 0):
 garbage-first heap   total 155648K, used 124610K [0x0000000080000000, 0x0000000100000000)
  region size 1024K, 39 young (39936K), 3 survivors (3072K)
 Metaspace       used 93946K, capacity 96137K, committed 96592K, reserved 1134592K
  class space    used 11671K, capacity 12421K, committed 12544K, reserved 1048576K
}
Event: 63.350 GC heap after
{Heap after GC invocations=29 (full 0):
 garbage-first heap   total 155648K, used 89384K [0x0000000080000000, 0x0000000100000000)
  region size 1024K, 3 young (3072K), 3 survivors (3072K)
 Metaspace       used 93946K, capacity 96137K, committed 96592K, reserved 1134592K
  class space    used 11671K, capacity 12421K, committed 12544K, reserved 1048576K
}
Event: 63.421 GC heap before
{Heap before GC invocations=30 (full 0):
 garbage-first heap   total 155648K, used 127272K [0x0000000080000000, 0x0000000100000000)
  region size 1024K, 41 young (41984K), 3 survivors (3072K)
 Metaspace       used 93947K, capacity 96137K, committed 96592K, reserved 1134592K
  class space    used 11671K, capacity 12421K, committed 12544K, reserved 1048576K
}
Event: 63.424 GC heap after
{Heap after GC invocations=31 (full 0):
 garbage-first heap   total 155648K, used 89733K [0x0000000080000000, 0x0000000100000000)
  region size 1024K, 3 young (3072K), 3 survivors (3072K)
 Metaspace       used 93947K, capacity 96137K, committed 96592K, reserved 1134592K
  class space    used 11671K, capacity 12421K, committed 12544K, reserved 1048576K
}
Event: 63.429 GC heap before
{Heap before GC invocations=31 (full 0):
 garbage-first heap   total 155648K, used 92805K [0x0000000080000000, 0x0000000100000000)
  region size 1024K, 7 young (7168K), 3 survivors (3072K)
 Metaspace       used 93947K, capacity 96137K, committed 96592K, reserved 1134592K
  class space    used 11671K, capacity 12421K, committed 12544K, reserved 1048576K
}
Event: 63.438 GC heap after
{Heap after GC invocations=32 (full 0):
 garbage-first heap   total 155648K, used 77410K [0x0000000080000000, 0x0000000100000000)
  region size 1024K, 1 young (1024K), 1 survivors (1024K)
 Metaspace       used 93947K, capacity 96137K, committed 96592K, reserved 1134592K
  class space    used 11671K, capacity 12421K, committed 12544K, reserved 1048576K
}
Event: 63.515 GC heap before
{Heap before GC invocations=32 (full 0):
 garbage-first heap   total 155648K, used 109154K [0x0000000080000000, 0x0000000100000000)
  region size 1024K, 34 young (34816K), 1 survivors (1024K)
 Metaspace       used 94010K, capacity 96239K, committed 96720K, reserved 1134592K
  class space    used 11682K, capacity 12455K, committed 12672K, reserved 1048576K
}
Event: 63.521 GC heap after
{Heap after GC invocations=33 (full 0):
 garbage-first heap   total 155648K, used 80027K [0x0000000080000000, 0x0000000100000000)
  region size 1024K, 4 young (4096K), 4 survivors (4096K)
 Metaspace       used 94010K, capacity 96239K, committed 96720K, reserved 1134592K
  class space    used 11682K, capacity 12455K, committed 12672K, reserved 1048576K
}
Event: 64.797 GC heap before
{Heap before GC invocations=34 (full 0):
 garbage-first heap   total 155648K, used 125083K [0x0000000080000000, 0x0000000100000000)
  region size 1024K, 47 young (48128K), 4 survivors (4096K)
 Metaspace       used 101081K, capacity 103639K, committed 103888K, reserved 1140736K
  class space    used 12779K, capacity 13677K, committed 13696K, reserved 1048576K
}
Event: 64.806 GC heap after
{Heap after GC invocations=35 (full 0):
 garbage-first heap   total 155648K, used 86976K [0x0000000080000000, 0x0000000100000000)
  region size 1024K, 6 young (6144K), 6 survivors (6144K)
 Metaspace       used 101081K, capacity 103639K, committed 103888K, reserved 1140736K
  class space    used 12779K, capacity 13677K, committed 13696K, reserved 1048576K
}
Event: 64.814 GC heap before
{Heap before GC invocations=35 (full 0):
 garbage-first heap   total 155648K, used 88000K [0x0000000080000000, 0x0000000100000000)
  region size 1024K, 7 young (7168K), 6 survivors (6144K)
 Metaspace       used 101135K, capacity 103674K, committed 104016K, reserved 1140736K
  class space    used 12788K, capacity 13710K, committed 13824K, reserved 1048576K
}
Event: 64.820 GC heap after
{Heap after GC invocations=36 (full 0):
 garbage-first heap   total 155648K, used 87186K [0x0000000080000000, 0x0000000100000000)
  region size 1024K, 1 young (1024K), 1 survivors (1024K)
 Metaspace       used 101135K, capacity 103674K, committed 104016K, reserved 1140736K
  class space    used 12788K, capacity 13710K, committed 13824K, reserved 1048576K
}

Deoptimization events (20 events):
Event: 65.187 Thread 0x0000016b69a01800 Uncommon trap: trap_request=0xffffff4d fr.pc=0x0000016b59c8b314 relative=0x00000000000005b4
Event: 65.187 Thread 0x0000016b69a01800 Uncommon trap: reason=unstable_if action=reinterpret pc=0x0000016b59c8b314 method=com.android.tools.r8.z.a.a.f.a(II[C)Ljava/lang/String; @ 32 c2
Event: 65.187 Thread 0x0000016b69a01800 DEOPT PACKING pc=0x0000016b59c8b314 sp=0x000000010aefc470
Event: 65.187 Thread 0x0000016b69a01800 DEOPT UNPACKING pc=0x0000016b51a476af sp=0x000000010aefc430 mode 2
Event: 65.187 Thread 0x0000016b69a01800 Uncommon trap: trap_request=0xffffff4d fr.pc=0x0000016b59c90f98 relative=0x0000000000000858
Event: 65.187 Thread 0x0000016b69a01800 Uncommon trap: reason=unstable_if action=reinterpret pc=0x0000016b59c90f98 method=com.android.tools.r8.graph.i0.a(C)I @ 7 c2
Event: 65.187 Thread 0x0000016b69a01800 DEOPT PACKING pc=0x0000016b59c90f98 sp=0x000000010aefc530
Event: 65.187 Thread 0x0000016b69a01800 DEOPT UNPACKING pc=0x0000016b51a476af sp=0x000000010aefc480 mode 2
Event: 65.187 Thread 0x0000016b69a01800 Uncommon trap: trap_request=0xffffff4d fr.pc=0x0000016b59c8f4a4 relative=0x0000000000000084
Event: 65.187 Thread 0x0000016b69a01800 Uncommon trap: reason=unstable_if action=reinterpret pc=0x0000016b59c8f4a4 method=com.android.tools.r8.graph.i0.a(C[BI)I @ 7 c2
Event: 65.187 Thread 0x0000016b69a01800 DEOPT PACKING pc=0x0000016b59c8f4a4 sp=0x000000010aefc4d0
Event: 65.187 Thread 0x0000016b69a01800 DEOPT UNPACKING pc=0x0000016b51a476af sp=0x000000010aefc468 mode 2
Event: 65.360 Thread 0x0000016b69a01800 Uncommon trap: trap_request=0xffffff4d fr.pc=0x0000016b59cd4b20 relative=0x0000000000000200
Event: 65.361 Thread 0x0000016b69a01800 Uncommon trap: reason=unstable_if action=reinterpret pc=0x0000016b59cd4b20 method=com.android.tools.r8.graph.i0.a([C)I @ 44 c2
Event: 65.361 Thread 0x0000016b69a01800 DEOPT PACKING pc=0x0000016b59cd4b20 sp=0x000000010aefc880
Event: 65.361 Thread 0x0000016b69a01800 DEOPT UNPACKING pc=0x0000016b51a476af sp=0x000000010aefc7f8 mode 2
Event: 65.587 Thread 0x0000016b69a01800 Uncommon trap: trap_request=0xffffff4d fr.pc=0x0000016b59cec6f0 relative=0x00000000000001b0
Event: 65.587 Thread 0x0000016b69a01800 Uncommon trap: reason=unstable_if action=reinterpret pc=0x0000016b59cec6f0 method=com.android.tools.r8.t.a.a.a.f.X.get(I)Ljava/lang/Object; @ 85 c2
Event: 65.587 Thread 0x0000016b69a01800 DEOPT PACKING pc=0x0000016b59cec6f0 sp=0x000000010aefc600
Event: 65.587 Thread 0x0000016b69a01800 DEOPT UNPACKING pc=0x0000016b51a476af sp=0x000000010aefc598 mode 2

Classes redefined (0 events):
No events

Internal exceptions (20 events):
Event: 62.824 Thread 0x0000016b6d771000 Exception <a 'sun/nio/fs/WindowsException'{0x000000008881eb80}> (0x000000008881eb80) thrown at [./src/hotspot/share/prims/jni.cpp, line 615]
Event: 62.830 Thread 0x0000016b6d771000 Exception <a 'sun/nio/fs/WindowsException'{0x0000000088849b08}> (0x0000000088849b08) thrown at [./src/hotspot/share/prims/jni.cpp, line 615]
Event: 62.836 Thread 0x0000016b6d771000 Exception <a 'sun/nio/fs/WindowsException'{0x000000008888cc78}> (0x000000008888cc78) thrown at [./src/hotspot/share/prims/jni.cpp, line 615]
Event: 62.888 Thread 0x0000016b6c056000 Exception <a 'java/lang/NoSuchMethodError'{0x000000008859ab10}: <clinit>> (0x000000008859ab10) thrown at [./src/hotspot/share/prims/jni.cpp, line 1362]
Event: 62.988 Thread 0x0000016b6aa0c000 Exception <a 'sun/nio/fs/WindowsException'{0x0000000087663588}> (0x0000000087663588) thrown at [./src/hotspot/share/prims/jni.cpp, line 615]
Event: 62.988 Thread 0x0000016b6aa0c000 Exception <a 'sun/nio/fs/WindowsException'{0x0000000087664750}> (0x0000000087664750) thrown at [./src/hotspot/share/prims/jni.cpp, line 615]
Event: 63.173 Thread 0x0000016b699ff000 Exception <a 'sun/nio/fs/WindowsException'{0x0000000088b6ae10}> (0x0000000088b6ae10) thrown at [./src/hotspot/share/prims/jni.cpp, line 615]
Event: 63.681 Thread 0x0000016b6aa0c000 Exception <a 'java/lang/NoSuchMethodError'{0x0000000088ef1028}: <clinit>> (0x0000000088ef1028) thrown at [./src/hotspot/share/prims/jni.cpp, line 1362]
Event: 63.772 Thread 0x0000016b69a01800 Exception <a 'sun/nio/fs/WindowsException'{0x0000000088899570}> (0x0000000088899570) thrown at [./src/hotspot/share/prims/jni.cpp, line 615]
Event: 63.914 Thread 0x0000016b69a01800 Exception <a 'java/lang/NoSuchMethodError'{0x0000000088465210}: 'java.lang.Object java.lang.invoke.DirectMethodHandle$Holder.invokeStatic(java.lang.Object, java.lang.Object, java.lang.Object, java.lang.Object, java.lang.Object, java.lang.Object, java.lang.Object, java.lang.Object, java.lang.Object, java.lang.Object, java.lang.Object, java.lang.Object, java.lang.Object, java.lang.Object, java.lang.Object, java.lang.Object, java.lang.Object, int, java.lang.Object)'> (0x0000000088465210) thrown at [./src/hots
Event: 63.915 Thread 0x0000016b69a01800 Exception <a 'java/lang/NoSuchMethodError'{0x000000008846a860}: 'java.lang.Object java.lang.invoke.DirectMethodHandle$Holder.invokeStaticInit(java.lang.Object, java.lang.Object, java.lang.Object, java.lang.Object, java.lang.Object, java.lang.Object, java.lang.Object, java.lang.Object, java.lang.Object, java.lang.Object, java.lang.Object, java.lang.Object, java.lang.Object, java.lang.Object, java.lang.Object, java.lang.Object, java.lang.Object, int, java.lang.Object)'> (0x000000008846a860) thrown at [./src/
Event: 64.027 Thread 0x0000016b69a01800 Exception <a 'java/lang/NoSuchMethodError'{0x000000008801ca28}: 'void java.lang.invoke.DirectMethodHandle$Holder.invokeStatic(java.lang.Object, java.lang.Object, java.lang.Object, int)'> (0x000000008801ca28) thrown at [./src/hotspot/share/interpreter/linkResolver.cpp, line 773]
Event: 64.028 Thread 0x0000016b69a01800 Exception <a 'java/lang/IncompatibleClassChangeError'{0x0000000088024af8}: Found class java.lang.Object, but interface was expected> (0x0000000088024af8) thrown at [./src/hotspot/share/interpreter/linkResolver.cpp, line 839]
Event: 64.146 Thread 0x0000016b69a01800 Exception <a 'java/lang/NoSuchMethodError'{0x0000000087e9f2c8}: 'long java.lang.invoke.DirectMethodHandle$Holder.invokeStatic(java.lang.Object, java.lang.Object)'> (0x0000000087e9f2c8) thrown at [./src/hotspot/share/interpreter/linkResolver.cpp, line 773]
Event: 64.463 Thread 0x0000016b69a01800 Exception <a 'java/lang/NoSuchMethodError'{0x00000000876807c0}: 'void java.lang.invoke.DirectMethodHandle$Holder.invokeStaticInit(java.lang.Object, java.lang.Object, java.lang.Object, java.lang.Object, java.lang.Object)'> (0x00000000876807c0) thrown at [./src/hotspot/share/interpreter/linkResolver.cpp, line 773]
Event: 64.499 Thread 0x0000016b69a01800 Exception <a 'java/lang/NoSuchMethodError'{0x000000008717fda0}: 'java.lang.Object java.lang.invoke.DirectMethodHandle$Holder.invokeStatic(java.lang.Object, int, java.lang.Object, java.lang.Object)'> (0x000000008717fda0) thrown at [./src/hotspot/share/interpreter/linkResolver.cpp, line 773]
Event: 64.601 Thread 0x0000016b69a01800 Exception <a 'java/lang/NoSuchMethodError'{0x0000000086e9e970}: 'java.lang.Object java.lang.invoke.DirectMethodHandle$Holder.invokeVirtual(java.lang.Object, java.lang.Object, int, java.lang.Object)'> (0x0000000086e9e970) thrown at [./src/hotspot/share/interpreter/linkResolver.cpp, line 773]
Event: 64.635 Thread 0x0000016b69a01800 Exception <a 'java/lang/NoSuchMethodError'{0x0000000086d67ab8}: 'void java.lang.invoke.DirectMethodHandle$Holder.invokeVirtual(java.lang.Object, java.lang.Object, int, java.lang.Object)'> (0x0000000086d67ab8) thrown at [./src/hotspot/share/interpreter/linkResolver.cpp, line 773]
Event: 64.724 Thread 0x0000016b69a01800 Exception <a 'java/lang/NoSuchMethodError'{0x0000000086be59c8}: 'java.lang.Object java.lang.invoke.DirectMethodHandle$Holder.newInvokeSpecial(java.lang.Object, int)'> (0x0000000086be59c8) thrown at [./src/hotspot/share/interpreter/linkResolver.cpp, line 773]
Event: 64.728 Thread 0x0000016b69a01800 Exception <a 'java/lang/NoSuchMethodError'{0x0000000086a20330}: 'void java.lang.invoke.DirectMethodHandle$Holder.invokeSpecial(java.lang.Object, java.lang.Object, int, java.lang.Object)'> (0x0000000086a20330) thrown at [./src/hotspot/share/interpreter/linkResolver.cpp, line 773]

Events (20 events):
Event: 65.567 loading class com/android/tools/r8/s/b/M0
Event: 65.567 loading class com/android/tools/r8/s/b/M0 done
Event: 65.567 loading class com/android/tools/r8/s/b/k0
Event: 65.567 loading class com/android/tools/r8/s/b/k0 done
Event: 65.567 loading class com/android/tools/r8/s/b/M0
Event: 65.567 loading class com/android/tools/r8/s/b/M0 done
Event: 65.575 loading class com/android/tools/r8/ir/conversion/B
Event: 65.575 loading class com/android/tools/r8/ir/conversion/B done
Event: 65.577 loading class com/android/tools/r8/references/ArrayReference
Event: 65.577 loading class com/android/tools/r8/references/ArrayReference done
Event: 65.578 loading class com/android/tools/r8/references/ArrayReference
Event: 65.578 loading class com/android/tools/r8/references/ArrayReference done
Event: 65.578 loading class com/android/tools/r8/references/ArrayReference
Event: 65.578 loading class com/android/tools/r8/references/ArrayReference done
Event: 65.579 loading class com/android/tools/r8/code/E
Event: 65.579 loading class com/android/tools/r8/code/E done
Event: 65.584 loading class com/android/tools/r8/p/e
Event: 65.584 loading class com/android/tools/r8/p/e done
Event: 65.663 Executing VM operation: ICBufferFull
Event: 65.663 Executing VM operation: ICBufferFull done


Dynamic libraries:
0x00007ff7d5380000 - 0x00007ff7d538a000 	C:\Program Files\Android\Android Studio\jre\bin\java.exe
0x00007ffe80090000 - 0x00007ffe80285000 	C:\WINDOWS\SYSTEM32\ntdll.dll
0x00007ffe7ebe0000 - 0x00007ffe7ec9d000 	C:\WINDOWS\System32\KERNEL32.DLL
0x00007ffe7db70000 - 0x00007ffe7de38000 	C:\WINDOWS\System32\KERNELBASE.dll
0x00007ffe7de40000 - 0x00007ffe7df40000 	C:\WINDOWS\System32\ucrtbase.dll
0x00007ffe73b30000 - 0x00007ffe73b49000 	C:\Program Files\Android\Android Studio\jre\bin\jli.dll
0x00007ffe73b10000 - 0x00007ffe73b27000 	C:\Program Files\Android\Android Studio\jre\bin\VCRUNTIME140.dll
0x00007ffe7f760000 - 0x00007ffe7f900000 	C:\WINDOWS\System32\USER32.dll
0x00007ffe63f70000 - 0x00007ffe6420a000 	C:\WINDOWS\WinSxS\amd64_microsoft.windows.common-controls_6595b64144ccf1df_6.0.19041.1052_none_60b8f8fd71f5e8cb\COMCTL32.dll
0x00007ffe7d900000 - 0x00007ffe7d922000 	C:\WINDOWS\System32\win32u.dll
0x00007ffe7e9f0000 - 0x00007ffe7ea8e000 	C:\WINDOWS\System32\msvcrt.dll
0x00007ffe7ea90000 - 0x00007ffe7eaba000 	C:\WINDOWS\System32\GDI32.dll
0x00007ffe7df40000 - 0x00007ffe7e04b000 	C:\WINDOWS\System32\gdi32full.dll
0x00007ffe7d860000 - 0x00007ffe7d8fd000 	C:\WINDOWS\System32\msvcp_win.dll
0x00007ffe7f900000 - 0x00007ffe7f930000 	C:\WINDOWS\System32\IMM32.DLL
0x00007ffe67470000 - 0x00007ffe6750d000 	C:\Program Files\Android\Android Studio\jre\bin\msvcp140.dll
0x00007ffe43f80000 - 0x00007ffe44a3c000 	C:\Program Files\Android\Android Studio\jre\bin\server\jvm.dll
0x00007ffe7eb20000 - 0x00007ffe7ebcc000 	C:\WINDOWS\System32\ADVAPI32.dll
0x00007ffe7f930000 - 0x00007ffe7f9cb000 	C:\WINDOWS\System32\sechost.dll
0x00007ffe7ed80000 - 0x00007ffe7eeab000 	C:\WINDOWS\System32\RPCRT4.dll
0x00007ffe7f6a0000 - 0x00007ffe7f6a8000 	C:\WINDOWS\System32\PSAPI.DLL
0x00007ffe73a70000 - 0x00007ffe73a79000 	C:\WINDOWS\SYSTEM32\WSOCK32.dll
0x00007ffe68170000 - 0x00007ffe68197000 	C:\WINDOWS\SYSTEM32\WINMM.dll
0x00007ffe705a0000 - 0x00007ffe705aa000 	C:\WINDOWS\SYSTEM32\VERSION.dll
0x00007ffe7f9d0000 - 0x00007ffe7fa3b000 	C:\WINDOWS\System32\WS2_32.dll
0x00007ffe7c0a0000 - 0x00007ffe7c0b2000 	C:\WINDOWS\SYSTEM32\kernel.appcore.dll
0x00007ffe72bd0000 - 0x00007ffe72be1000 	C:\Program Files\Android\Android Studio\jre\bin\verify.dll
0x00007ffe77fc0000 - 0x00007ffe781a4000 	C:\WINDOWS\SYSTEM32\DBGHELP.DLL
0x00007ffe70f90000 - 0x00007ffe70fbc000 	C:\WINDOWS\SYSTEM32\dbgcore.DLL
0x00007ffe7d7d0000 - 0x00007ffe7d853000 	C:\WINDOWS\System32\bcryptPrimitives.dll
0x00007ffe68d80000 - 0x00007ffe68da9000 	C:\Program Files\Android\Android Studio\jre\bin\java.dll
0x00007ffe739c0000 - 0x00007ffe739cb000 	C:\Program Files\Android\Android Studio\jre\bin\jimage.dll
0x00007ffe71c30000 - 0x00007ffe71c48000 	C:\Program Files\Android\Android Studio\jre\bin\zip.dll
0x00007ffe7e100000 - 0x00007ffe7e83f000 	C:\WINDOWS\System32\SHELL32.dll
0x00007ffe7b8d0000 - 0x00007ffe7c060000 	C:\WINDOWS\SYSTEM32\windows.storage.dll
0x00007ffe7fa60000 - 0x00007ffe7fdb5000 	C:\WINDOWS\System32\combase.dll
0x00007ffe7d240000 - 0x00007ffe7d26c000 	C:\WINDOWS\SYSTEM32\Wldp.dll
0x00007ffe7e940000 - 0x00007ffe7e9ee000 	C:\WINDOWS\System32\SHCORE.dll
0x00007ffe7e8e0000 - 0x00007ffe7e935000 	C:\WINDOWS\System32\shlwapi.dll
0x00007ffe7d710000 - 0x00007ffe7d72f000 	C:\WINDOWS\SYSTEM32\profapi.dll
0x00007ffe71bf0000 - 0x00007ffe71c0a000 	C:\Program Files\Android\Android Studio\jre\bin\net.dll
0x00007ffe74480000 - 0x00007ffe7458b000 	C:\WINDOWS\SYSTEM32\WINHTTP.dll
0x00007ffe7cfb0000 - 0x00007ffe7d01a000 	C:\WINDOWS\system32\mswsock.dll
0x00007ffe6ed80000 - 0x00007ffe6ed94000 	C:\Program Files\Android\Android Studio\jre\bin\nio.dll
0x00007ffe5e3a0000 - 0x00007ffe5e3c7000 	C:\Users\Iris\.gradle\native\f6784746aeab05261644944871eae4fe03e0ef1612fff0a4a95f87b438bc6780\windows-amd64\native-platform.dll
0x00007ffe72e00000 - 0x00007ffe72e0a000 	C:\Program Files\Android\Android Studio\jre\bin\management.dll
0x00007ffe72d30000 - 0x00007ffe72d3c000 	C:\Program Files\Android\Android Studio\jre\bin\management_ext.dll
0x00007ffe7d180000 - 0x00007ffe7d198000 	C:\WINDOWS\SYSTEM32\CRYPTSP.dll
0x00007ffe7c8e0000 - 0x00007ffe7c914000 	C:\WINDOWS\system32\rsaenh.dll
0x00007ffe7db40000 - 0x00007ffe7db67000 	C:\WINDOWS\System32\bcrypt.dll
0x00007ffe7d6d0000 - 0x00007ffe7d6fe000 	C:\WINDOWS\SYSTEM32\USERENV.dll
0x00007ffe7d1a0000 - 0x00007ffe7d1ac000 	C:\WINDOWS\SYSTEM32\CRYPTBASE.dll
0x00007ffe7cc50000 - 0x00007ffe7cc8b000 	C:\WINDOWS\SYSTEM32\IPHLPAPI.DLL
0x00007ffe7e8d0000 - 0x00007ffe7e8d8000 	C:\WINDOWS\System32\NSI.dll
0x00007ffe72050000 - 0x00007ffe72067000 	C:\WINDOWS\SYSTEM32\dhcpcsvc6.DLL
0x00007ffe72030000 - 0x00007ffe7204d000 	C:\WINDOWS\SYSTEM32\dhcpcsvc.DLL
0x00007ffe7cce0000 - 0x00007ffe7cdac000 	C:\WINDOWS\SYSTEM32\DNSAPI.dll
0x00007ffe745d0000 - 0x00007ffe745db000 	C:\WINDOWS\SYSTEM32\WINNSI.DLL

dbghelp: loaded successfully - version: 4.0.5 - missing functions: none
symbol engine: initialized successfully - sym options: 0x614 - pdb path: .;C:\Program Files\Android\Android Studio\jre\bin;C:\WINDOWS\SYSTEM32;C:\WINDOWS\WinSxS\amd64_microsoft.windows.common-controls_6595b64144ccf1df_6.0.19041.1052_none_60b8f8fd71f5e8cb;C:\Program Files\Android\Android Studio\jre\bin\server;C:\Users\Iris\.gradle\native\f6784746aeab05261644944871eae4fe03e0ef1612fff0a4a95f87b438bc6780\windows-amd64

VM Arguments:
jvm_args: --add-opens=java.base/java.util=ALL-UNNAMED --add-opens=java.base/java.lang=ALL-UNNAMED --add-opens=java.base/java.lang.invoke=ALL-UNNAMED --add-opens=java.prefs/java.util.prefs=ALL-UNNAMED -Xmx2048m -Dfile.encoding=UTF-8 -Duser.country=GB -Duser.language=en -Duser.variant 
java_command: org.gradle.launcher.daemon.bootstrap.GradleDaemon 6.5
java_class_path (initial): C:\Users\Iris\.gradle\wrapper\dists\gradle-6.5-bin\6nifqtx7604sqp1q6g8wikw7p\gradle-6.5\lib\gradle-launcher-6.5.jar
Launcher Type: SUN_STANDARD

[Global flags]
     intx CICompilerCount                          = 4                                         {product} {ergonomic}
     uint ConcGCThreads                            = 2                                         {product} {ergonomic}
     uint G1ConcRefinementThreads                  = 8                                         {product} {ergonomic}
   size_t G1HeapRegionSize                         = 1048576                                   {product} {ergonomic}
    uintx GCDrainStackTargetSize                   = 64                                        {product} {ergonomic}
   size_t InitialHeapSize                          = 132120576                                 {product} {ergonomic}
   size_t MarkStackSize                            = 4194304                                   {product} {ergonomic}
   size_t MaxHeapSize                              = 2147483648                                {product} {command line}
   size_t MaxNewSize                               = 1287651328                                {product} {ergonomic}
   size_t MinHeapDeltaBytes                        = 1048576                                   {product} {ergonomic}
    uintx NonNMethodCodeHeapSize                   = 5836300                                {pd product} {ergonomic}
    uintx NonProfiledCodeHeapSize                  = 122910970                              {pd product} {ergonomic}
    uintx ProfiledCodeHeapSize                     = 122910970                              {pd product} {ergonomic}
    uintx ReservedCodeCacheSize                    = 251658240                              {pd product} {ergonomic}
     bool SegmentedCodeCache                       = true                                      {product} {ergonomic}
     bool UseCompressedClassPointers               = true                                 {lp64_product} {ergonomic}
     bool UseCompressedOops                        = true                                 {lp64_product} {ergonomic}
     bool UseG1GC                                  = true                                      {product} {ergonomic}
     bool UseLargePagesIndividualAllocation        = false                                  {pd product} {ergonomic}

Logging:
Log output configuration:
 #0: stdout all=warning uptime,level,tags
 #1: stderr all=off uptime,level,tags

Environment Variables:
PATH=C:\Program Files\Common Files\Oracle\Java\javapath;C:\Program Files (x86)\Common Files\Oracle\Java\javapath;C:\WINDOWS\system32;C:\WINDOWS;C:\WINDOWS\System32\Wbem;C:\WINDOWS\System32\WindowsPowerShell\v1.0\;C:\WINDOWS\System32\OpenSSH\;C:\Program Files\Intel\WiFi\bin\;C:\Program Files\Common Files\Intel\WirelessCommon\;C:\Program Files\dotnet\;C:\Program Files\Git\cmd;C:\Users\Iris\AppData\Local\Microsoft\WindowsApps;;C:\intelFPGA\20.1\modelsim_ase\win32aloem
USERNAME=Iris
OS=Windows_NT
PROCESSOR_IDENTIFIER=Intel64 Family 6 Model 142 Stepping 11, GenuineIntel



---------------  S Y S T E M  ---------------

OS: Windows 10 , 64 bit Build 19041 (10.0.19041.1023)
OS uptime: 26 days 10:50 hours

CPU:total 8 (initial active 8) (4 cores per cpu, 2 threads per core) family 6 model 142 stepping 11, cmov, cx8, fxsr, mmx, sse, sse2, sse3, ssse3, sse4.1, sse4.2, popcnt, avx, avx2, aes, clmul, erms, 3dnowpref, lzcnt, ht, tsc, tscinvbit, bmi1, bmi2, adx, fma

Memory: 4k page, system-wide physical 7974M (233M free)
TotalPageFile size 32550M (AvailPageFile size 3M)
current process WorkingSet (physical memory assigned to process): 396M, peak: 432M
current process commit charge ("private bytes"): 493M, peak: 494M

vm_info: OpenJDK 64-Bit Server VM (11.0.8+10-b944.6842174) for windows-amd64 JRE (11.0.8+10-b944.6842174), built on Sep 19 2020 01:11:42 by "builder" with MS VC++ 14.0 (VS2015)

END.
